<?xml version="1.0" encoding="UTF-8"?>
<testsuites name="RegressionSuite" time="122" tests="0" failures="1" errors="0">
   <testsuite name="RegressionSuite" tests="0" failures="1" errors="0" time="122" timestamp="2018-07-11 10:40:16" hostname="shalinin - NIBC2129.nousinfo.com" id="Test Suites/RegressionSuite">
      <properties>
         <property name="deviceName" value=""/>
         <property name="devicePlatform" value=""/>
         <property name="logFolder" value="C:\\Users\\shalinin\\Katalon Studio\\HME_DEVScripts\\Reports\\RegressionSuite\\20180711_104013"/>
         <property name="logFiles" value="C:\\Users\\shalinin\\Katalon Studio\\HME_DEVScripts\\Reports\\RegressionSuite\\20180711_104013\\execution0.log"/>
         <property name="attachments" value="C:\\Users\\shalinin\\Katalon Studio\\HME_DEVScripts\\Reports\\RegressionSuite\\20180711_104013\\1531285914996.png"/>
         <property name="hostName" value="shalinin - NIBC2129.nousinfo.com"/>
         <property name="os" value="Windows 7 64bit"/>
         <property name="katalonVersion" value="5.3.1.1"/>
         <property name="browser" value="Chrome 67.0.3396.99"/>
         <property name="hostAddress" value="192.168.24.174"/>
         <property name="sessionId" value="2a2681a52193f534934f63920926cdf1"/>
         <property name="seleniumVersion" value="3.7.1"/>
         <property name="proxyInformation" value="ProxyInformation{proxyOption=NO_PROXY, proxyServerType=HTTP, password=, proxyServerAddress=, proxyServerPort=0}"/>
         <property name="platform" value="Windows 7"/>
      </properties>
      <testcase name="Test Cases/TimeZoneTC/HME-Account_Setting-Timezone-04" classname="Test Cases/TimeZoneTC/HME-Account_Setting-Timezone-04" status="FAILED">
         <failure type="FAILED" message="org.codehaus.groovy.runtime.powerassert.PowerAssertionError: assert TCflag==true
       |     |
       false false"/>
         <system-out><![CDATA[2018-07-11 10:40:17 - [TEST_CASE][FAILED] - Test Cases/TimeZoneTC/HME-Account_Setting-Timezone-04: Test Cases/TimeZoneTC/HME-Account_Setting-Timezone-04 FAILED because (of) org.codehaus.groovy.runtime.powerassert.PowerAssertionError: assert TCflag==true
       |     |
       false false

2018-07-11 10:40:17 - [TEST_STEP][PASSED] - Start listener action : sampleBeforeTestCase: uiaction.CommonUIActions.deleteAllCookies is PASSED

2018-07-11 10:40:17 - [TEST_STEP][PASSED] - openBrowser: Browser is opened with url: ''

2018-07-11 10:40:29 - [MESSAGE][PASSED] - Browser is opened with url: ''

2018-07-11 10:40:29 - [TEST_STEP][PASSED] - maximizeWindow: Current window maximized

2018-07-11 10:40:30 - [MESSAGE][PASSED] - Current window maximized

2018-07-11 10:40:30 - [TEST_STEP][PASSED] - uiaction.CommonUIActions.deleteAllCookies: uiaction.CommonUIActions.deleteAllCookies is PASSED

2018-07-11 10:40:30 - [MESSAGE][PASSED] - Delete all cookies successfully

2018-07-11 10:40:30 - [MESSAGE][PASSED] - uiaction.CommonUIActions.deleteAllCookies is PASSED

2018-07-11 10:40:31 - [TEST_STEP][PASSED] - Statement - TCflag = true: null

2018-07-11 10:40:31 - [TEST_STEP][PASSED] - Statement - Try: null

2018-07-11 10:40:31 - [TEST_STEP][PASSED] - navigateToUrl: Navigate to 'https://engdev.hmedtcloud.com/?pg=Login' successfully

2018-07-11 10:40:39 - [MESSAGE][PASSED] - Navigate to 'https://engdev.hmedtcloud.com/?pg=Login' successfully

2018-07-11 10:40:39 - [TEST_STEP][PASSED] - delay: Delayed 10 second(s)

2018-07-11 10:40:49 - [MESSAGE][PASSED] - Delayed 10 second(s)

2018-07-11 10:40:49 - [TEST_STEP][PASSED] - projectSpecific.Reusability.login: projectSpecific.Reusability.login is PASSED

2018-07-11 10:40:50 - [MESSAGE][PASSED] - projectSpecific.Reusability.getTestData is PASSED

2018-07-11 10:40:50 - [MESSAGE][PASSED] - projectSpecific.Reusability.getTestData is PASSED

2018-07-11 10:40:50 - [MESSAGE][PASSED] - Text 'selvendrank@nousinfo.com' is set on object 'Object Repository/LoginPage/Username'

2018-07-11 10:40:50 - [MESSAGE][PASSED] - Text 'Nous;123' is set on object 'Object Repository/LoginPage/Password'

2018-07-11 10:41:09 - [MESSAGE][PASSED] - Object: 'Object Repository/LoginPage/Login' is clicked on

2018-07-11 10:41:09 - [MESSAGE][PASSED] - projectSpecific.Reusability.login is PASSED

2018-07-11 10:41:09 - [TEST_STEP][PASSED] - delay: Delayed 10 second(s)

2018-07-11 10:41:19 - [MESSAGE][PASSED] - Delayed 10 second(s)

2018-07-11 10:41:19 - [TEST_STEP][PASSED] - Statement - welcomeMsg = CustomKeywords.uiaction.CommonUIActions.getText(com.kms.katalon.core.testobject.ObjectRepository.findTestObject(HomePage/welcomeMessage)): uiaction.CommonUIActions.getText is PASSED

2018-07-11 10:41:19 - [MESSAGE][PASSED] - uiaction.CommonUIActions.getText is PASSED

2018-07-11 10:41:19 - [TEST_STEP][PASSED] - Statement - expactedWelcomeMsg = CustomKeywords.projectSpecific.Reusability.getTestData("HomePage", "welcomeMsg"): projectSpecific.Reusability.getTestData is PASSED

2018-07-11 10:41:19 - [MESSAGE][PASSED] - projectSpecific.Reusability.getTestData is PASSED

2018-07-11 10:41:19 - [TEST_STEP][PASSED] - Statement - If (welcomeMsg.contains(expactedWelcomeMsg)): null

2018-07-11 10:41:19 - [TEST_STEP][PASSED] - Statement - out.println("Welcome message is verified"): null

2018-07-11 10:41:19 - [TEST_STEP][PASSED] - Statement - driver = com.kms.katalon.core.webui.driver.DriverFactory.getWebDriver(): null

2018-07-11 10:41:19 - [TEST_STEP][PASSED] - uiaction.CommonUIActions.click: uiaction.CommonUIActions.click is PASSED

2018-07-11 10:41:31 - [MESSAGE][PASSED] - uiaction.CommonUIActions.click is PASSED

2018-07-11 10:41:31 - [TEST_STEP][PASSED] - Statement - driver.findElement(org.openqa.selenium.By.xpath("(//div[@class='ctable']/table//tr/td[3][contains(text(),'vijay2')]/../td//span)[1]")).click(): null

2018-07-11 10:41:34 - [TEST_STEP][PASSED] - uiaction.CommonUIActions.click: uiaction.CommonUIActions.click is PASSED

2018-07-11 10:41:34 - [MESSAGE][PASSED] - uiaction.CommonUIActions.click is PASSED

2018-07-11 10:41:34 - [TEST_STEP][PASSED] - uiaction.CommonUIActions.click: uiaction.CommonUIActions.click is PASSED

2018-07-11 10:41:39 - [MESSAGE][PASSED] - uiaction.CommonUIActions.click is PASSED

2018-07-11 10:41:39 - [TEST_STEP][PASSED] - Statement - storeID = CustomKeywords.uiaction.CommonUIActions.getText(com.kms.katalon.core.testobject.ObjectRepository.findTestObject(StorePage/storeID)): uiaction.CommonUIActions.getText is PASSED

2018-07-11 10:41:39 - [MESSAGE][PASSED] - uiaction.CommonUIActions.getText is PASSED

2018-07-11 10:41:39 - [TEST_STEP][PASSED] - Statement - storenumber = storeID.trim(): null

2018-07-11 10:41:39 - [TEST_STEP][PASSED] - Statement - out.println(" the store number is--" + storenumber.trim()): null

2018-07-11 10:41:39 - [TEST_STEP][PASSED] - uiaction.CommonUIActions.click: uiaction.CommonUIActions.click is PASSED

2018-07-11 10:41:44 - [MESSAGE][PASSED] - uiaction.CommonUIActions.click is PASSED

2018-07-11 10:41:44 - [TEST_STEP][PASSED] - delay: Delayed 10 second(s)

2018-07-11 10:41:54 - [MESSAGE][PASSED] - Delayed 10 second(s)

2018-07-11 10:41:54 - [TEST_STEP][PASSED] - Statement - driver.findElement(org.openqa.selenium.By.xpath("//span[contains(text(),'" + storenumber.trim() + "')]")).click(): null

2018-07-11 10:41:54 - [TEST_STEP][PASSED] - Statement - Catch (Exception e): Taking screenshot successfully

2018-07-11 10:41:54 - [TEST_STEP][PASSED] - Statement - e.printStackTrace(): null

2018-07-11 10:41:54 - [TEST_STEP][PASSED] - Statement - println("Exception of element not found"): null

2018-07-11 10:41:54 - [TEST_STEP][PASSED] - Statement - If (TCflag): null

2018-07-11 10:41:54 - [TEST_STEP][PASSED] - takeScreenshot: Taking screenshot successfully

2018-07-11 10:41:55 - [MESSAGE][PASSED] - Taking screenshot successfully
[[ATTACHMENT|C:\\Users\\shalinin\\Katalon Studio\\HME_DEVScripts\\Reports\\RegressionSuite\\20180711_104013\\1531285914996.png]]

2018-07-11 10:41:55 - [TEST_STEP][PASSED] - Statement - assert TCflag == true: null

2018-07-11 10:41:55 - [TEST_STEP][PASSED] - Start listener action : sampleAfterTestCase: Browser is closed

2018-07-11 10:41:55 - [TEST_STEP][PASSED] - Statement - println(testCaseContext.getTestCaseId()): null

2018-07-11 10:41:55 - [TEST_STEP][PASSED] - Statement - println(testCaseContext.getTestCaseStatus()): null

2018-07-11 10:41:55 - [TEST_STEP][PASSED] - closeBrowser: Browser is closed

2018-07-11 10:41:56 - [MESSAGE][PASSED] - Browser is closed]]></system-out>
         <system-err><![CDATA[2018-07-11 10:40:17 - [TEST_CASE][FAILED] - Test Cases/TimeZoneTC/HME-Account_Setting-Timezone-04: Test Cases/TimeZoneTC/HME-Account_Setting-Timezone-04 FAILED because (of) org.codehaus.groovy.runtime.powerassert.PowerAssertionError: assert TCflag==true
       |     |
       false false]]></system-err>
      </testcase>
      <testcase name="Test Cases/TimeZoneTC/HME-Account_Setting-Timezone-05" classname="Test Cases/TimeZoneTC/HME-Account_Setting-Timezone-05" status="INCOMPLETE">
         <system-out><![CDATA[2018-07-11 10:41:56 - [TEST_CASE][INCOMPLETE] - Test Cases/TimeZoneTC/HME-Account_Setting-Timezone-05: null

2018-07-11 10:41:56 - [TEST_STEP][PASSED] - Start listener action : sampleBeforeTestCase: uiaction.CommonUIActions.deleteAllCookies is PASSED

2018-07-11 10:41:56 - [TEST_STEP][PASSED] - openBrowser: Browser is opened with url: ''

2018-07-11 10:41:58 - [MESSAGE][PASSED] - Browser is opened with url: ''

2018-07-11 10:41:58 - [TEST_STEP][PASSED] - maximizeWindow: Current window maximized

2018-07-11 10:41:59 - [MESSAGE][PASSED] - Current window maximized

2018-07-11 10:41:59 - [TEST_STEP][PASSED] - uiaction.CommonUIActions.deleteAllCookies: uiaction.CommonUIActions.deleteAllCookies is PASSED

2018-07-11 10:41:59 - [MESSAGE][PASSED] - Delete all cookies successfully

2018-07-11 10:41:59 - [MESSAGE][PASSED] - uiaction.CommonUIActions.deleteAllCookies is PASSED

2018-07-11 10:42:00 - [TEST_STEP][PASSED] - Statement - TCflag = true: null

2018-07-11 10:42:00 - [TEST_STEP][INCOMPLETE] - Statement - Try: Text 'Nous;123' is set on object 'Object Repository/LoginPage/Password'

2018-07-11 10:42:00 - [TEST_STEP][PASSED] - navigateToUrl: Navigate to 'https://engdev.hmedtcloud.com/?pg=Login' successfully

2018-07-11 10:42:08 - [MESSAGE][PASSED] - Navigate to 'https://engdev.hmedtcloud.com/?pg=Login' successfully

2018-07-11 10:42:08 - [TEST_STEP][PASSED] - delay: Delayed 10 second(s)

2018-07-11 10:42:18 - [MESSAGE][PASSED] - Delayed 10 second(s)

2018-07-11 10:42:18 - [TEST_STEP][INCOMPLETE] - projectSpecific.Reusability.login: Text 'Nous;123' is set on object 'Object Repository/LoginPage/Password'

2018-07-11 10:42:18 - [MESSAGE][PASSED] - projectSpecific.Reusability.getTestData is PASSED

2018-07-11 10:42:18 - [MESSAGE][PASSED] - projectSpecific.Reusability.getTestData is PASSED

2018-07-11 10:42:18 - [MESSAGE][PASSED] - Text 'selvendrank@nousinfo.com' is set on object 'Object Repository/LoginPage/Username'

2018-07-11 10:42:18 - [MESSAGE][PASSED] - Text 'Nous;123' is set on object 'Object Repository/LoginPage/Password']]></system-out>
         <system-err><![CDATA[2018-07-11 10:41:56 - [TEST_CASE][INCOMPLETE] - Test Cases/TimeZoneTC/HME-Account_Setting-Timezone-05: null]]></system-err>
      </testcase>
      <system-out><![CDATA[2018-07-11 10:40:16 - [TEST_SUITE][INCOMPLETE] - RegressionSuite: null]]></system-out>
      <system-err><![CDATA[2018-07-11 10:40:16 - [TEST_SUITE][INCOMPLETE] - RegressionSuite: null]]></system-err>
   </testsuite>
</testsuites>
