<?xml version="1.0" encoding="UTF-8"?>
<testsuites name="RegressionSuite" time="563" tests="2" failures="4" errors="0">
   <testsuite name="RegressionSuite" tests="2" failures="4" errors="0" time="563" timestamp="2018-07-11 18:22:38" hostname="ravindram - NIBC2466.nousinfo.com" id="Test Suites/RegressionSuite">
      <properties>
         <property name="deviceName" value=""/>
         <property name="devicePlatform" value=""/>
         <property name="logFolder" value="E:\\HME_workspace\\HME_DEVScripts\\Reports\\RegressionSuite\\20180711_182237"/>
         <property name="logFiles" value="E:\\HME_workspace\\HME_DEVScripts\\Reports\\RegressionSuite\\20180711_182237\\execution0.log"/>
         <property name="attachments" value="E:\\HME_workspace\\HME_DEVScripts\\Reports\\RegressionSuite\\20180711_182237\\1531313642506.png"/>
         <property name="hostName" value="ravindram - NIBC2466.nousinfo.com"/>
         <property name="os" value="Windows 7 64bit"/>
         <property name="katalonVersion" value="5.3.1.1"/>
         <property name="browser" value="Chrome 67.0.3396.99"/>
         <property name="hostAddress" value="192.168.21.107"/>
         <property name="sessionId" value="d20f1ce103f78d3d6194814f48785423"/>
         <property name="seleniumVersion" value="3.7.1"/>
         <property name="proxyInformation" value="ProxyInformation{proxyOption=USE_SYSTEM, proxyServerType=HTTP, password=, proxyServerAddress=, proxyServerPort=0}"/>
         <property name="platform" value="Windows 7"/>
      </properties>
      <testcase name="Test Cases/TimeZoneTC/HME-Account_Setting-Timezone-04" classname="Test Cases/TimeZoneTC/HME-Account_Setting-Timezone-04" status="FAILED">
         <failure type="FAILED" message="org.codehaus.groovy.runtime.powerassert.PowerAssertionError: assert TCflag==true
       |     |
       false false"/>
         <system-out><![CDATA[2018-07-11 18:22:38 - [TEST_CASE][FAILED] - Test Cases/TimeZoneTC/HME-Account_Setting-Timezone-04: Test Cases/TimeZoneTC/HME-Account_Setting-Timezone-04 FAILED because (of) org.codehaus.groovy.runtime.powerassert.PowerAssertionError: assert TCflag==true
       |     |
       false false

2018-07-11 18:22:39 - [TEST_STEP][PASSED] - Start listener action : sampleBeforeTestCase: uiaction.CommonUIActions.deleteAllCookies is PASSED

2018-07-11 18:22:39 - [TEST_STEP][PASSED] - openBrowser: Browser is opened with url: ''

2018-07-11 18:22:41 - [MESSAGE][PASSED] - Browser is opened with url: ''

2018-07-11 18:22:41 - [TEST_STEP][PASSED] - maximizeWindow: Current window maximized

2018-07-11 18:22:42 - [MESSAGE][PASSED] - Current window maximized

2018-07-11 18:22:42 - [TEST_STEP][PASSED] - uiaction.CommonUIActions.deleteAllCookies: uiaction.CommonUIActions.deleteAllCookies is PASSED

2018-07-11 18:22:42 - [MESSAGE][PASSED] - Delete all cookies successfully

2018-07-11 18:22:42 - [MESSAGE][PASSED] - uiaction.CommonUIActions.deleteAllCookies is PASSED

2018-07-11 18:22:42 - [TEST_STEP][PASSED] - Statement - TCflag = true: null

2018-07-11 18:22:42 - [TEST_STEP][PASSED] - Statement - Try: null

2018-07-11 18:22:42 - [TEST_STEP][PASSED] - navigateToUrl: Navigate to 'https://engdev.hmedtcloud.com/?pg=Login' successfully

2018-07-11 18:22:51 - [MESSAGE][PASSED] - Navigate to 'https://engdev.hmedtcloud.com/?pg=Login' successfully

2018-07-11 18:22:51 - [TEST_STEP][PASSED] - delay: Delayed 10 second(s)

2018-07-11 18:23:01 - [MESSAGE][PASSED] - Delayed 10 second(s)

2018-07-11 18:23:01 - [TEST_STEP][PASSED] - projectSpecific.Reusability.login: projectSpecific.Reusability.login is PASSED

2018-07-11 18:23:02 - [MESSAGE][PASSED] - projectSpecific.Reusability.getTestData is PASSED

2018-07-11 18:23:02 - [MESSAGE][PASSED] - projectSpecific.Reusability.getTestData is PASSED

2018-07-11 18:23:02 - [MESSAGE][PASSED] - Text 'selvendrank@nousinfo.com' is set on object 'Object Repository/LoginPage/Username'

2018-07-11 18:23:02 - [MESSAGE][PASSED] - Text 'Nous;123' is set on object 'Object Repository/LoginPage/Password'

2018-07-11 18:23:16 - [MESSAGE][PASSED] - Object: 'Object Repository/LoginPage/Login' is clicked on

2018-07-11 18:23:16 - [MESSAGE][PASSED] - projectSpecific.Reusability.login is PASSED

2018-07-11 18:23:16 - [TEST_STEP][PASSED] - delay: Delayed 10 second(s)

2018-07-11 18:23:26 - [MESSAGE][PASSED] - Delayed 10 second(s)

2018-07-11 18:23:26 - [TEST_STEP][PASSED] - Statement - welcomeMsg = CustomKeywords.uiaction.CommonUIActions.getText(com.kms.katalon.core.testobject.ObjectRepository.findTestObject(HomePage/welcomeMessage)): uiaction.CommonUIActions.getText is PASSED

2018-07-11 18:23:26 - [MESSAGE][PASSED] - uiaction.CommonUIActions.getText is PASSED

2018-07-11 18:23:26 - [TEST_STEP][PASSED] - Statement - expactedWelcomeMsg = CustomKeywords.projectSpecific.Reusability.getTestData("HomePage", "welcomeMsg"): projectSpecific.Reusability.getTestData is PASSED

2018-07-11 18:23:26 - [MESSAGE][PASSED] - projectSpecific.Reusability.getTestData is PASSED

2018-07-11 18:23:26 - [TEST_STEP][PASSED] - Statement - If (welcomeMsg.contains(expactedWelcomeMsg)): null

2018-07-11 18:23:26 - [TEST_STEP][PASSED] - Statement - out.println("Welcome message is verified"): null

2018-07-11 18:23:26 - [TEST_STEP][PASSED] - Statement - driver = com.kms.katalon.core.webui.driver.DriverFactory.getWebDriver(): null

2018-07-11 18:23:26 - [TEST_STEP][PASSED] - uiaction.CommonUIActions.click: uiaction.CommonUIActions.click is PASSED

2018-07-11 18:23:39 - [MESSAGE][PASSED] - uiaction.CommonUIActions.click is PASSED

2018-07-11 18:23:39 - [TEST_STEP][PASSED] - Statement - driver.findElement(org.openqa.selenium.By.xpath("(//div[@class='ctable']/table//tr/td[3][contains(text(),'vijay2')]/../td//span)[1]")).click(): null

2018-07-11 18:23:42 - [TEST_STEP][PASSED] - uiaction.CommonUIActions.click: uiaction.CommonUIActions.click is PASSED

2018-07-11 18:23:42 - [MESSAGE][PASSED] - uiaction.CommonUIActions.click is PASSED

2018-07-11 18:23:42 - [TEST_STEP][PASSED] - uiaction.CommonUIActions.click: uiaction.CommonUIActions.click is PASSED

2018-07-11 18:23:47 - [MESSAGE][PASSED] - uiaction.CommonUIActions.click is PASSED

2018-07-11 18:23:47 - [TEST_STEP][PASSED] - Statement - storeID = CustomKeywords.uiaction.CommonUIActions.getText(com.kms.katalon.core.testobject.ObjectRepository.findTestObject(StorePage/storeID)): uiaction.CommonUIActions.getText is PASSED

2018-07-11 18:23:47 - [MESSAGE][PASSED] - uiaction.CommonUIActions.getText is PASSED

2018-07-11 18:23:47 - [TEST_STEP][PASSED] - Statement - storenumber = storeID.trim(): null

2018-07-11 18:23:47 - [TEST_STEP][PASSED] - Statement - out.println(" the store number is--" + storenumber.trim()): null

2018-07-11 18:23:47 - [TEST_STEP][PASSED] - uiaction.CommonUIActions.click: uiaction.CommonUIActions.click is PASSED

2018-07-11 18:23:52 - [MESSAGE][PASSED] - uiaction.CommonUIActions.click is PASSED

2018-07-11 18:23:52 - [TEST_STEP][PASSED] - delay: Delayed 10 second(s)

2018-07-11 18:24:02 - [MESSAGE][PASSED] - Delayed 10 second(s)

2018-07-11 18:24:02 - [TEST_STEP][PASSED] - Statement - driver.findElement(org.openqa.selenium.By.xpath("//span[contains(text(),'" + storenumber.trim() + "')]")).click(): null

2018-07-11 18:24:02 - [TEST_STEP][PASSED] - Statement - Catch (Exception e): Taking screenshot successfully

2018-07-11 18:24:02 - [TEST_STEP][PASSED] - Statement - e.printStackTrace(): null

2018-07-11 18:24:02 - [TEST_STEP][PASSED] - Statement - println("Exception of element not found"): null

2018-07-11 18:24:02 - [TEST_STEP][PASSED] - Statement - If (TCflag): null

2018-07-11 18:24:02 - [TEST_STEP][PASSED] - takeScreenshot: Taking screenshot successfully

2018-07-11 18:24:02 - [MESSAGE][PASSED] - Taking screenshot successfully
[[ATTACHMENT|E:\\HME_workspace\\HME_DEVScripts\\Reports\\RegressionSuite\\20180711_182237\\1531313642506.png]]

2018-07-11 18:24:02 - [TEST_STEP][PASSED] - Statement - assert TCflag == true: null

2018-07-11 18:24:02 - [TEST_STEP][PASSED] - Start listener action : sampleAfterTestCase: Browser is closed

2018-07-11 18:24:02 - [TEST_STEP][PASSED] - Statement - println(testCaseContext.getTestCaseId()): null

2018-07-11 18:24:02 - [TEST_STEP][PASSED] - Statement - println(testCaseContext.getTestCaseStatus()): null

2018-07-11 18:24:02 - [TEST_STEP][PASSED] - closeBrowser: Browser is closed

2018-07-11 18:24:03 - [MESSAGE][PASSED] - Browser is closed]]></system-out>
         <system-err><![CDATA[2018-07-11 18:22:38 - [TEST_CASE][FAILED] - Test Cases/TimeZoneTC/HME-Account_Setting-Timezone-04: Test Cases/TimeZoneTC/HME-Account_Setting-Timezone-04 FAILED because (of) org.codehaus.groovy.runtime.powerassert.PowerAssertionError: assert TCflag==true
       |     |
       false false]]></system-err>
      </testcase>
      <testcase name="Test Cases/TimeZoneTC/HME-Account_Setting-Timezone-05" classname="Test Cases/TimeZoneTC/HME-Account_Setting-Timezone-05" status="FAILED">
         <failure type="FAILED" message="org.codehaus.groovy.runtime.powerassert.PowerAssertionError: assert TCflag==true
       |     |
       false false"/>
         <system-out><![CDATA[2018-07-11 18:24:03 - [TEST_CASE][FAILED] - Test Cases/TimeZoneTC/HME-Account_Setting-Timezone-05: Test Cases/TimeZoneTC/HME-Account_Setting-Timezone-05 FAILED because (of) org.codehaus.groovy.runtime.powerassert.PowerAssertionError: assert TCflag==true
       |     |
       false false

2018-07-11 18:24:03 - [TEST_STEP][PASSED] - Start listener action : sampleBeforeTestCase: uiaction.CommonUIActions.deleteAllCookies is PASSED

2018-07-11 18:24:03 - [TEST_STEP][PASSED] - openBrowser: Browser is opened with url: ''

2018-07-11 18:24:05 - [MESSAGE][PASSED] - Browser is opened with url: ''

2018-07-11 18:24:05 - [TEST_STEP][PASSED] - maximizeWindow: Current window maximized

2018-07-11 18:24:06 - [MESSAGE][PASSED] - Current window maximized

2018-07-11 18:24:06 - [TEST_STEP][PASSED] - uiaction.CommonUIActions.deleteAllCookies: uiaction.CommonUIActions.deleteAllCookies is PASSED

2018-07-11 18:24:06 - [MESSAGE][PASSED] - Delete all cookies successfully

2018-07-11 18:24:06 - [MESSAGE][PASSED] - uiaction.CommonUIActions.deleteAllCookies is PASSED

2018-07-11 18:24:07 - [TEST_STEP][PASSED] - Statement - TCflag = true: null

2018-07-11 18:24:07 - [TEST_STEP][PASSED] - Statement - Try: null

2018-07-11 18:24:07 - [TEST_STEP][PASSED] - navigateToUrl: Navigate to 'https://engdev.hmedtcloud.com/?pg=Login' successfully

2018-07-11 18:24:15 - [MESSAGE][PASSED] - Navigate to 'https://engdev.hmedtcloud.com/?pg=Login' successfully

2018-07-11 18:24:15 - [TEST_STEP][PASSED] - delay: Delayed 10 second(s)

2018-07-11 18:24:25 - [MESSAGE][PASSED] - Delayed 10 second(s)

2018-07-11 18:24:25 - [TEST_STEP][PASSED] - projectSpecific.Reusability.login: projectSpecific.Reusability.login is PASSED

2018-07-11 18:24:25 - [MESSAGE][PASSED] - projectSpecific.Reusability.getTestData is PASSED

2018-07-11 18:24:25 - [MESSAGE][PASSED] - projectSpecific.Reusability.getTestData is PASSED

2018-07-11 18:24:25 - [MESSAGE][PASSED] - Text 'selvendrank@nousinfo.com' is set on object 'Object Repository/LoginPage/Username'

2018-07-11 18:24:25 - [MESSAGE][PASSED] - Text 'Nous;123' is set on object 'Object Repository/LoginPage/Password'

2018-07-11 18:24:38 - [MESSAGE][PASSED] - Object: 'Object Repository/LoginPage/Login' is clicked on

2018-07-11 18:24:38 - [MESSAGE][PASSED] - projectSpecific.Reusability.login is PASSED

2018-07-11 18:24:38 - [TEST_STEP][PASSED] - delay: Delayed 10 second(s)

2018-07-11 18:24:48 - [MESSAGE][PASSED] - Delayed 10 second(s)

2018-07-11 18:24:48 - [TEST_STEP][PASSED] - Statement - welcomeMsg = CustomKeywords.uiaction.CommonUIActions.getText(com.kms.katalon.core.testobject.ObjectRepository.findTestObject(HomePage/welcomeMessage)): uiaction.CommonUIActions.getText is PASSED

2018-07-11 18:24:48 - [MESSAGE][PASSED] - uiaction.CommonUIActions.getText is PASSED

2018-07-11 18:24:48 - [TEST_STEP][PASSED] - Statement - expactedWelcomeMsg = CustomKeywords.projectSpecific.Reusability.getTestData("HomePage", "welcomeMsg"): projectSpecific.Reusability.getTestData is PASSED

2018-07-11 18:24:48 - [MESSAGE][PASSED] - projectSpecific.Reusability.getTestData is PASSED

2018-07-11 18:24:48 - [TEST_STEP][PASSED] - Statement - If (welcomeMsg.contains(expactedWelcomeMsg)): null

2018-07-11 18:24:48 - [TEST_STEP][PASSED] - Statement - out.println("Welcome message is verified"): null

2018-07-11 18:24:48 - [TEST_STEP][PASSED] - Statement - driver = com.kms.katalon.core.webui.driver.DriverFactory.getWebDriver(): null

2018-07-11 18:24:48 - [TEST_STEP][PASSED] - uiaction.CommonUIActions.click: uiaction.CommonUIActions.click is PASSED

2018-07-11 18:25:02 - [MESSAGE][PASSED] - uiaction.CommonUIActions.click is PASSED

2018-07-11 18:25:02 - [TEST_STEP][PASSED] - Statement - driver.findElement(org.openqa.selenium.By.xpath("(//div[@class='ctable']/table//tr/td[3][contains(text(),'vijay2')]/../td//span)[1]")).click(): null

2018-07-11 18:25:04 - [TEST_STEP][PASSED] - uiaction.CommonUIActions.click: uiaction.CommonUIActions.click is PASSED

2018-07-11 18:25:04 - [MESSAGE][PASSED] - uiaction.CommonUIActions.click is PASSED

2018-07-11 18:25:04 - [TEST_STEP][PASSED] - uiaction.CommonUIActions.click: uiaction.CommonUIActions.click is PASSED

2018-07-11 18:25:09 - [MESSAGE][PASSED] - uiaction.CommonUIActions.click is PASSED

2018-07-11 18:25:09 - [TEST_STEP][PASSED] - Statement - storeID = CustomKeywords.uiaction.CommonUIActions.getText(com.kms.katalon.core.testobject.ObjectRepository.findTestObject(StorePage/storeID)): uiaction.CommonUIActions.getText is PASSED

2018-07-11 18:25:09 - [MESSAGE][PASSED] - uiaction.CommonUIActions.getText is PASSED

2018-07-11 18:25:09 - [TEST_STEP][PASSED] - Statement - storenumber = storeID.trim(): null

2018-07-11 18:25:09 - [TEST_STEP][PASSED] - Statement - out.println(" the store number is--" + storenumber.trim()): null

2018-07-11 18:25:09 - [TEST_STEP][PASSED] - uiaction.CommonUIActions.click: uiaction.CommonUIActions.click is PASSED

2018-07-11 18:25:13 - [MESSAGE][PASSED] - uiaction.CommonUIActions.click is PASSED

2018-07-11 18:25:13 - [TEST_STEP][PASSED] - delay: Delayed 10 second(s)

2018-07-11 18:25:23 - [MESSAGE][PASSED] - Delayed 10 second(s)

2018-07-11 18:25:23 - [TEST_STEP][PASSED] - Statement - driver.findElement(org.openqa.selenium.By.xpath("//span[contains(text(),'" + storenumber + "')]")).click(): null

2018-07-11 18:25:23 - [TEST_STEP][PASSED] - Statement - Catch (Exception e): null

2018-07-11 18:25:23 - [TEST_STEP][PASSED] - Statement - e.printStackTrace(): null

2018-07-11 18:25:23 - [TEST_STEP][PASSED] - Statement - println("Exception of element not found"): null

2018-07-11 18:25:23 - [TEST_STEP][PASSED] - Statement - If (TCflag): null

2018-07-11 18:25:23 - [TEST_STEP][PASSED] - Statement - assert TCflag == true: null

2018-07-11 18:25:23 - [TEST_STEP][PASSED] - Start listener action : sampleAfterTestCase: Browser is closed

2018-07-11 18:25:23 - [TEST_STEP][PASSED] - Statement - println(testCaseContext.getTestCaseId()): null

2018-07-11 18:25:23 - [TEST_STEP][PASSED] - Statement - println(testCaseContext.getTestCaseStatus()): null

2018-07-11 18:25:23 - [TEST_STEP][PASSED] - closeBrowser: Browser is closed

2018-07-11 18:25:24 - [MESSAGE][PASSED] - Browser is closed]]></system-out>
         <system-err><![CDATA[2018-07-11 18:24:03 - [TEST_CASE][FAILED] - Test Cases/TimeZoneTC/HME-Account_Setting-Timezone-05: Test Cases/TimeZoneTC/HME-Account_Setting-Timezone-05 FAILED because (of) org.codehaus.groovy.runtime.powerassert.PowerAssertionError: assert TCflag==true
       |     |
       false false]]></system-err>
      </testcase>
      <testcase name="Test Cases/TimeZoneTC/HME-Account_Setting-Timezone-06" classname="Test Cases/TimeZoneTC/HME-Account_Setting-Timezone-06" status="PASSED">
         <system-out><![CDATA[2018-07-11 18:25:24 - [TEST_CASE][PASSED] - Test Cases/TimeZoneTC/HME-Account_Setting-Timezone-06: Browser is closed

2018-07-11 18:25:24 - [TEST_STEP][PASSED] - Start listener action : sampleBeforeTestCase: uiaction.CommonUIActions.deleteAllCookies is PASSED

2018-07-11 18:25:24 - [TEST_STEP][PASSED] - openBrowser: Browser is opened with url: ''

2018-07-11 18:25:26 - [MESSAGE][PASSED] - Browser is opened with url: ''

2018-07-11 18:25:26 - [TEST_STEP][PASSED] - maximizeWindow: Current window maximized

2018-07-11 18:25:27 - [MESSAGE][PASSED] - Current window maximized

2018-07-11 18:25:27 - [TEST_STEP][PASSED] - uiaction.CommonUIActions.deleteAllCookies: uiaction.CommonUIActions.deleteAllCookies is PASSED

2018-07-11 18:25:27 - [MESSAGE][PASSED] - Delete all cookies successfully

2018-07-11 18:25:27 - [MESSAGE][PASSED] - uiaction.CommonUIActions.deleteAllCookies is PASSED

2018-07-11 18:25:27 - [TEST_STEP][PASSED] - Statement - TCflag = true: null

2018-07-11 18:25:27 - [TEST_STEP][PASSED] - Statement - Try: uiaction.CommonUIActions.click is PASSED

2018-07-11 18:25:27 - [TEST_STEP][PASSED] - navigateToUrl: Navigate to 'https://engdev.hmedtcloud.com/?pg=Login' successfully

2018-07-11 18:25:35 - [MESSAGE][PASSED] - Navigate to 'https://engdev.hmedtcloud.com/?pg=Login' successfully

2018-07-11 18:25:35 - [TEST_STEP][PASSED] - delay: Delayed 10 second(s)

2018-07-11 18:25:45 - [MESSAGE][PASSED] - Delayed 10 second(s)

2018-07-11 18:25:45 - [TEST_STEP][PASSED] - projectSpecific.Reusability.login: projectSpecific.Reusability.login is PASSED

2018-07-11 18:25:45 - [MESSAGE][PASSED] - projectSpecific.Reusability.getTestData is PASSED

2018-07-11 18:25:45 - [MESSAGE][PASSED] - projectSpecific.Reusability.getTestData is PASSED

2018-07-11 18:25:45 - [MESSAGE][PASSED] - Text 'selvendrank@nousinfo.com' is set on object 'Object Repository/LoginPage/Username'

2018-07-11 18:25:45 - [MESSAGE][PASSED] - Text 'Nous;123' is set on object 'Object Repository/LoginPage/Password'

2018-07-11 18:25:59 - [MESSAGE][PASSED] - Object: 'Object Repository/LoginPage/Login' is clicked on

2018-07-11 18:25:59 - [MESSAGE][PASSED] - projectSpecific.Reusability.login is PASSED

2018-07-11 18:25:59 - [TEST_STEP][PASSED] - delay: Delayed 10 second(s)

2018-07-11 18:26:09 - [MESSAGE][PASSED] - Delayed 10 second(s)

2018-07-11 18:26:09 - [TEST_STEP][PASSED] - Statement - welcomeMsg = CustomKeywords.uiaction.CommonUIActions.getText(com.kms.katalon.core.testobject.ObjectRepository.findTestObject(HomePage/welcomeMessage)): uiaction.CommonUIActions.getText is PASSED

2018-07-11 18:26:09 - [MESSAGE][PASSED] - uiaction.CommonUIActions.getText is PASSED

2018-07-11 18:26:09 - [TEST_STEP][PASSED] - Statement - expactedWelcomeMsg = CustomKeywords.projectSpecific.Reusability.getTestData("HomePage", "welcomeMsg"): projectSpecific.Reusability.getTestData is PASSED

2018-07-11 18:26:09 - [MESSAGE][PASSED] - projectSpecific.Reusability.getTestData is PASSED

2018-07-11 18:26:09 - [TEST_STEP][PASSED] - Statement - If (welcomeMsg.contains(expactedWelcomeMsg)): null

2018-07-11 18:26:09 - [TEST_STEP][PASSED] - Statement - out.println("Welcome message is verified"): null

2018-07-11 18:26:09 - [TEST_STEP][PASSED] - Statement - driver = com.kms.katalon.core.webui.driver.DriverFactory.getWebDriver(): null

2018-07-11 18:26:09 - [TEST_STEP][PASSED] - uiaction.CommonUIActions.click: uiaction.CommonUIActions.click is PASSED

2018-07-11 18:26:21 - [MESSAGE][PASSED] - uiaction.CommonUIActions.click is PASSED

2018-07-11 18:26:21 - [TEST_STEP][PASSED] - Statement - driver.findElement(org.openqa.selenium.By.xpath("(//div[@class='ctable']/table//tr/td[3][contains(text(),'vijay2')]/../td//span)[1]")).click(): null

2018-07-11 18:26:23 - [TEST_STEP][PASSED] - uiaction.CommonUIActions.click: uiaction.CommonUIActions.click is PASSED

2018-07-11 18:26:23 - [MESSAGE][PASSED] - uiaction.CommonUIActions.click is PASSED

2018-07-11 18:26:23 - [TEST_STEP][PASSED] - uiaction.CommonUIActions.click: uiaction.CommonUIActions.click is PASSED

2018-07-11 18:26:28 - [MESSAGE][PASSED] - uiaction.CommonUIActions.click is PASSED

2018-07-11 18:26:28 - [TEST_STEP][PASSED] - Statement - storeID = CustomKeywords.uiaction.CommonUIActions.getText(com.kms.katalon.core.testobject.ObjectRepository.findTestObject(StorePage/storeID)): uiaction.CommonUIActions.getText is PASSED

2018-07-11 18:26:28 - [MESSAGE][PASSED] - uiaction.CommonUIActions.getText is PASSED

2018-07-11 18:26:28 - [TEST_STEP][PASSED] - Statement - storenumber = storeID.trim(): null

2018-07-11 18:26:28 - [TEST_STEP][PASSED] - Statement - out.println(" the store number is--" + storenumber.trim()): null

2018-07-11 18:26:28 - [TEST_STEP][PASSED] - uiaction.CommonUIActions.click: uiaction.CommonUIActions.click is PASSED

2018-07-11 18:26:32 - [MESSAGE][PASSED] - uiaction.CommonUIActions.click is PASSED

2018-07-11 18:26:32 - [TEST_STEP][PASSED] - delay: Delayed 15 second(s)

2018-07-11 18:26:47 - [MESSAGE][PASSED] - Delayed 15 second(s)

2018-07-11 18:26:47 - [TEST_STEP][PASSED] - Statement - driver.findElement(org.openqa.selenium.By.xpath("//span[contains(text(),'" + storenumber.trim() + "')]")).click(): null

2018-07-11 18:26:47 - [TEST_STEP][PASSED] - delay: Delayed 5 second(s)

2018-07-11 18:26:52 - [MESSAGE][PASSED] - Delayed 5 second(s)

2018-07-11 18:26:52 - [TEST_STEP][PASSED] - click: Object: 'Object Repository/ReportsPage/timeSelection' is clicked on

2018-07-11 18:26:52 - [MESSAGE][PASSED] - Object: 'Object Repository/ReportsPage/timeSelection' is clicked on

2018-07-11 18:26:53 - [TEST_STEP][PASSED] - click: Object: 'Object Repository/ReportsPage/weekTimeOption' is clicked on

2018-07-11 18:26:53 - [MESSAGE][PASSED] - Object: 'Object Repository/ReportsPage/weekTimeOption' is clicked on

2018-07-11 18:26:53 - [TEST_STEP][PASSED] - click: Object: 'Object Repository/ReportsPage/summaryReportHeading' is clicked on

2018-07-11 18:26:53 - [MESSAGE][PASSED] - Object: 'Object Repository/ReportsPage/summaryReportHeading' is clicked on

2018-07-11 18:26:53 - [TEST_STEP][PASSED] - verifyElementText: Actual text and expected text of test object 'Object Repository/ReportsPage/weekTimeOption' are matched.

2018-07-11 18:26:53 - [MESSAGE][PASSED] - projectSpecific.Reusability.getTestData is PASSED

2018-07-11 18:26:53 - [MESSAGE][PASSED] - Actual text and expected text of test object 'Object Repository/ReportsPage/weekTimeOption' are matched.

2018-07-11 18:26:53 - [TEST_STEP][PASSED] - verifyElementText: Actual text and expected text of test object 'Object Repository/ReportsPage/criteriaTimeMeasure' are matched.

2018-07-11 18:26:53 - [MESSAGE][PASSED] - projectSpecific.Reusability.getTestData is PASSED

2018-07-11 18:26:53 - [MESSAGE][PASSED] - Actual text and expected text of test object 'Object Repository/ReportsPage/criteriaTimeMeasure' are matched.

2018-07-11 18:26:53 - [TEST_STEP][PASSED] - delay: Delayed 5 second(s)

2018-07-11 18:26:58 - [MESSAGE][PASSED] - Delayed 5 second(s)

2018-07-11 18:26:58 - [TEST_STEP][PASSED] - click: Object: 'Object Repository/ReportsPage/fromDateSelector' is clicked on

2018-07-11 18:26:58 - [MESSAGE][PASSED] - Object: 'Object Repository/ReportsPage/fromDateSelector' is clicked on

2018-07-11 18:26:58 - [TEST_STEP][PASSED] - delay: Delayed 5 second(s)

2018-07-11 18:27:03 - [MESSAGE][PASSED] - Delayed 5 second(s)

2018-07-11 18:27:03 - [TEST_STEP][PASSED] - Statement - monthText = com.kms.katalon.core.webui.keyword.WebUiBuiltInKeywords.getText(com.kms.katalon.core.testobject.ObjectRepository.findTestObject(ReportsPage/monthText)): Text of object 'Object Repository/ReportsPage/monthText' is: 'July 2018'

2018-07-11 18:27:03 - [MESSAGE][PASSED] - Text of object 'Object Repository/ReportsPage/monthText' is: 'July 2018'

2018-07-11 18:27:03 - [TEST_STEP][PASSED] - Statement - monthTextArray = monthText.split(" "): null

2018-07-11 18:27:03 - [TEST_STEP][PASSED] - Statement - month = monthTextArray[0]: null

2018-07-11 18:27:03 - [TEST_STEP][PASSED] - Statement - monthTextValue = CustomKeywords.projectSpecific.Reusability.getTestData("ReportsPage", "Month"): projectSpecific.Reusability.getTestData is PASSED

2018-07-11 18:27:03 - [MESSAGE][PASSED] - projectSpecific.Reusability.getTestData is PASSED

2018-07-11 18:27:03 - [TEST_STEP][PASSED] - Statement - If (!(monthTextValue.equals(month))): null

2018-07-11 18:27:03 - [TEST_STEP][PASSED] - Statement - While (!(monthTextValue.equals(month))): null

2018-07-11 18:27:03 - [TEST_STEP][PASSED] - click: Object: 'Object Repository/ReportsPage/previousDateSelector' is clicked on

2018-07-11 18:27:03 - [MESSAGE][PASSED] - Object: 'Object Repository/ReportsPage/previousDateSelector' is clicked on

2018-07-11 18:27:03 - [TEST_STEP][PASSED] - Statement - monthText = com.kms.katalon.core.webui.keyword.WebUiBuiltInKeywords.getText(com.kms.katalon.core.testobject.ObjectRepository.findTestObject(ReportsPage/monthText)): Text of object 'Object Repository/ReportsPage/monthText' is: 'June 2018'

2018-07-11 18:27:03 - [MESSAGE][PASSED] - Text of object 'Object Repository/ReportsPage/monthText' is: 'June 2018'

2018-07-11 18:27:03 - [TEST_STEP][PASSED] - Statement - monthTextArray = monthText.split(" "): null

2018-07-11 18:27:03 - [TEST_STEP][PASSED] - Statement - month = monthTextArray[0]: null

2018-07-11 18:27:03 - [TEST_STEP][PASSED] - click: Object: 'Object Repository/ReportsPage/previousDateSelector' is clicked on

2018-07-11 18:27:03 - [MESSAGE][PASSED] - Object: 'Object Repository/ReportsPage/previousDateSelector' is clicked on

2018-07-11 18:27:03 - [TEST_STEP][PASSED] - Statement - monthText = com.kms.katalon.core.webui.keyword.WebUiBuiltInKeywords.getText(com.kms.katalon.core.testobject.ObjectRepository.findTestObject(ReportsPage/monthText)): Text of object 'Object Repository/ReportsPage/monthText' is: 'May 2018'

2018-07-11 18:27:03 - [MESSAGE][PASSED] - Text of object 'Object Repository/ReportsPage/monthText' is: 'May 2018'

2018-07-11 18:27:03 - [TEST_STEP][PASSED] - Statement - monthTextArray = monthText.split(" "): null

2018-07-11 18:27:03 - [TEST_STEP][PASSED] - Statement - month = monthTextArray[0]: null

2018-07-11 18:27:03 - [TEST_STEP][PASSED] - click: Object: 'Object Repository/ReportsPage/previousDateSelector' is clicked on

2018-07-11 18:27:04 - [MESSAGE][PASSED] - Object: 'Object Repository/ReportsPage/previousDateSelector' is clicked on

2018-07-11 18:27:04 - [TEST_STEP][PASSED] - Statement - monthText = com.kms.katalon.core.webui.keyword.WebUiBuiltInKeywords.getText(com.kms.katalon.core.testobject.ObjectRepository.findTestObject(ReportsPage/monthText)): Text of object 'Object Repository/ReportsPage/monthText' is: 'April 2018'

2018-07-11 18:27:04 - [MESSAGE][PASSED] - Text of object 'Object Repository/ReportsPage/monthText' is: 'April 2018'

2018-07-11 18:27:04 - [TEST_STEP][PASSED] - Statement - monthTextArray = monthText.split(" "): null

2018-07-11 18:27:04 - [TEST_STEP][PASSED] - Statement - month = monthTextArray[0]: null

2018-07-11 18:27:04 - [TEST_STEP][PASSED] - click: Object: 'Object Repository/ReportsPage/previousDateSelector' is clicked on

2018-07-11 18:27:04 - [MESSAGE][PASSED] - Object: 'Object Repository/ReportsPage/previousDateSelector' is clicked on

2018-07-11 18:27:04 - [TEST_STEP][PASSED] - Statement - monthText = com.kms.katalon.core.webui.keyword.WebUiBuiltInKeywords.getText(com.kms.katalon.core.testobject.ObjectRepository.findTestObject(ReportsPage/monthText)): Text of object 'Object Repository/ReportsPage/monthText' is: 'March 2018'

2018-07-11 18:27:04 - [MESSAGE][PASSED] - Text of object 'Object Repository/ReportsPage/monthText' is: 'March 2018'

2018-07-11 18:27:04 - [TEST_STEP][PASSED] - Statement - monthTextArray = monthText.split(" "): null

2018-07-11 18:27:04 - [TEST_STEP][PASSED] - Statement - month = monthTextArray[0]: null

2018-07-11 18:27:04 - [TEST_STEP][PASSED] - Statement - data = CustomKeywords.projectSpecific.Reusability.getTestData("ReportsPage", "StartDate_March2"): projectSpecific.Reusability.getTestData is PASSED

2018-07-11 18:27:04 - [MESSAGE][PASSED] - projectSpecific.Reusability.getTestData is PASSED

2018-07-11 18:27:04 - [TEST_STEP][PASSED] - Statement - startDate = "(//td[text()='" + data + "'])[1]": null

2018-07-11 18:27:04 - [TEST_STEP][PASSED] - Statement - println(startDate): null

2018-07-11 18:27:04 - [TEST_STEP][PASSED] - Statement - startdateEle = driver.findElement(org.openqa.selenium.By.xpath(startDate)): null

2018-07-11 18:27:04 - [TEST_STEP][PASSED] - Statement - startdateEle.click(): null

2018-07-11 18:27:04 - [TEST_STEP][PASSED] - delay: Delayed 5 second(s)

2018-07-11 18:27:09 - [MESSAGE][PASSED] - Delayed 5 second(s)

2018-07-11 18:27:09 - [TEST_STEP][PASSED] - click: Object: 'Object Repository/ReportsPage/toDateSelector' is clicked on

2018-07-11 18:27:09 - [MESSAGE][PASSED] - Object: 'Object Repository/ReportsPage/toDateSelector' is clicked on

2018-07-11 18:27:09 - [TEST_STEP][PASSED] - Statement - monthText = com.kms.katalon.core.webui.keyword.WebUiBuiltInKeywords.getText(com.kms.katalon.core.testobject.ObjectRepository.findTestObject(ReportsPage/monthText2)): Text of object 'Object Repository/ReportsPage/monthText2' is: 'July 2018'

2018-07-11 18:27:09 - [MESSAGE][PASSED] - Text of object 'Object Repository/ReportsPage/monthText2' is: 'July 2018'

2018-07-11 18:27:09 - [TEST_STEP][PASSED] - Statement - monthTextArray = monthText.split(" "): null

2018-07-11 18:27:09 - [TEST_STEP][PASSED] - Statement - month = monthTextArray[0]: null

2018-07-11 18:27:09 - [TEST_STEP][PASSED] - Statement - monthTextValue1 = CustomKeywords.projectSpecific.Reusability.getTestData("ReportsPage", "Month"): projectSpecific.Reusability.getTestData is PASSED

2018-07-11 18:27:09 - [MESSAGE][PASSED] - projectSpecific.Reusability.getTestData is PASSED

2018-07-11 18:27:09 - [TEST_STEP][PASSED] - Statement - If (!(monthTextValue1.equals(month))): null

2018-07-11 18:27:09 - [TEST_STEP][PASSED] - Statement - While (!(monthTextValue1.equals(month))): null

2018-07-11 18:27:09 - [TEST_STEP][PASSED] - click: Object: 'Object Repository/ReportsPage/previousDateSelector2' is clicked on

2018-07-11 18:27:09 - [MESSAGE][PASSED] - Object: 'Object Repository/ReportsPage/previousDateSelector2' is clicked on

2018-07-11 18:27:09 - [TEST_STEP][PASSED] - Statement - monthText = com.kms.katalon.core.webui.keyword.WebUiBuiltInKeywords.getText(com.kms.katalon.core.testobject.ObjectRepository.findTestObject(ReportsPage/monthText2)): Text of object 'Object Repository/ReportsPage/monthText2' is: 'June 2018'

2018-07-11 18:27:09 - [MESSAGE][PASSED] - Text of object 'Object Repository/ReportsPage/monthText2' is: 'June 2018'

2018-07-11 18:27:09 - [TEST_STEP][PASSED] - Statement - monthTextArray = monthText.split(" "): null

2018-07-11 18:27:09 - [TEST_STEP][PASSED] - Statement - month = monthTextArray[0]: null

2018-07-11 18:27:10 - [TEST_STEP][PASSED] - click: Object: 'Object Repository/ReportsPage/previousDateSelector2' is clicked on

2018-07-11 18:27:10 - [MESSAGE][PASSED] - Object: 'Object Repository/ReportsPage/previousDateSelector2' is clicked on

2018-07-11 18:27:10 - [TEST_STEP][PASSED] - Statement - monthText = com.kms.katalon.core.webui.keyword.WebUiBuiltInKeywords.getText(com.kms.katalon.core.testobject.ObjectRepository.findTestObject(ReportsPage/monthText2)): Text of object 'Object Repository/ReportsPage/monthText2' is: 'May 2018'

2018-07-11 18:27:10 - [MESSAGE][PASSED] - Text of object 'Object Repository/ReportsPage/monthText2' is: 'May 2018'

2018-07-11 18:27:10 - [TEST_STEP][PASSED] - Statement - monthTextArray = monthText.split(" "): null

2018-07-11 18:27:10 - [TEST_STEP][PASSED] - Statement - month = monthTextArray[0]: null

2018-07-11 18:27:10 - [TEST_STEP][PASSED] - click: Object: 'Object Repository/ReportsPage/previousDateSelector2' is clicked on

2018-07-11 18:27:10 - [MESSAGE][PASSED] - Object: 'Object Repository/ReportsPage/previousDateSelector2' is clicked on

2018-07-11 18:27:10 - [TEST_STEP][PASSED] - Statement - monthText = com.kms.katalon.core.webui.keyword.WebUiBuiltInKeywords.getText(com.kms.katalon.core.testobject.ObjectRepository.findTestObject(ReportsPage/monthText2)): Text of object 'Object Repository/ReportsPage/monthText2' is: 'April 2018'

2018-07-11 18:27:10 - [MESSAGE][PASSED] - Text of object 'Object Repository/ReportsPage/monthText2' is: 'April 2018'

2018-07-11 18:27:10 - [TEST_STEP][PASSED] - Statement - monthTextArray = monthText.split(" "): null

2018-07-11 18:27:10 - [TEST_STEP][PASSED] - Statement - month = monthTextArray[0]: null

2018-07-11 18:27:10 - [TEST_STEP][PASSED] - click: Object: 'Object Repository/ReportsPage/previousDateSelector2' is clicked on

2018-07-11 18:27:10 - [MESSAGE][PASSED] - Object: 'Object Repository/ReportsPage/previousDateSelector2' is clicked on

2018-07-11 18:27:10 - [TEST_STEP][PASSED] - Statement - monthText = com.kms.katalon.core.webui.keyword.WebUiBuiltInKeywords.getText(com.kms.katalon.core.testobject.ObjectRepository.findTestObject(ReportsPage/monthText2)): Text of object 'Object Repository/ReportsPage/monthText2' is: 'March 2018'

2018-07-11 18:27:10 - [MESSAGE][PASSED] - Text of object 'Object Repository/ReportsPage/monthText2' is: 'March 2018'

2018-07-11 18:27:10 - [TEST_STEP][PASSED] - Statement - monthTextArray = monthText.split(" "): null

2018-07-11 18:27:10 - [TEST_STEP][PASSED] - Statement - month = monthTextArray[0]: null

2018-07-11 18:27:11 - [TEST_STEP][PASSED] - Statement - endDate = CustomKeywords.projectSpecific.Reusability.getTestData("ReportsPage", "EndDate_March2"): projectSpecific.Reusability.getTestData is PASSED

2018-07-11 18:27:11 - [MESSAGE][PASSED] - projectSpecific.Reusability.getTestData is PASSED

2018-07-11 18:27:11 - [TEST_STEP][PASSED] - Statement - toDate = "(//td[text()='" + endDate + "'])[2]": null

2018-07-11 18:27:11 - [TEST_STEP][PASSED] - Statement - println(toDate): null

2018-07-11 18:27:11 - [TEST_STEP][PASSED] - Statement - toDateEle = driver.findElement(org.openqa.selenium.By.xpath(toDate)): null

2018-07-11 18:27:11 - [TEST_STEP][PASSED] - Statement - toDateEle.click(): null

2018-07-11 18:27:11 - [TEST_STEP][PASSED] - delay: Delayed 5 second(s)

2018-07-11 18:27:16 - [MESSAGE][PASSED] - Delayed 5 second(s)

2018-07-11 18:27:16 - [TEST_STEP][PASSED] - Statement - dateAttr = com.kms.katalon.core.webui.keyword.WebUiBuiltInKeywords.getAttribute(com.kms.katalon.core.testobject.ObjectRepository.findTestObject(ReportsPage/selectedDate1), "value"): Attribute 'value' of object 'Object Repository/ReportsPage/selectedDate1' is: '03/13/2018'

2018-07-11 18:27:16 - [MESSAGE][PASSED] - Attribute 'value' of object 'Object Repository/ReportsPage/selectedDate1' is: '03/13/2018'

2018-07-11 18:27:16 - [TEST_STEP][PASSED] - Statement - fromDateValue = CustomKeywords.projectSpecific.Reusability.getTestData("ReportsPage", "fromDate_March2"): projectSpecific.Reusability.getTestData is PASSED

2018-07-11 18:27:16 - [MESSAGE][PASSED] - projectSpecific.Reusability.getTestData is PASSED

2018-07-11 18:27:16 - [TEST_STEP][PASSED] - Statement - If (!(dateAttr.equals(fromDateValue))): null

2018-07-11 18:27:16 - [TEST_STEP][PASSED] - Statement - dateAttr = com.kms.katalon.core.webui.keyword.WebUiBuiltInKeywords.getAttribute(com.kms.katalon.core.testobject.ObjectRepository.findTestObject(ReportsPage/selectedDate2), "value"): Attribute 'value' of object 'Object Repository/ReportsPage/selectedDate2' is: '03/16/2018'

2018-07-11 18:27:16 - [MESSAGE][PASSED] - Attribute 'value' of object 'Object Repository/ReportsPage/selectedDate2' is: '03/16/2018'

2018-07-11 18:27:16 - [TEST_STEP][PASSED] - Statement - toDateValue = CustomKeywords.projectSpecific.Reusability.getTestData("ReportsPage", "toDate_March2"): projectSpecific.Reusability.getTestData is PASSED

2018-07-11 18:27:16 - [MESSAGE][PASSED] - projectSpecific.Reusability.getTestData is PASSED

2018-07-11 18:27:16 - [TEST_STEP][PASSED] - Statement - If (!(dateAttr.equals(toDateValue))): null

2018-07-11 18:27:16 - [TEST_STEP][PASSED] - click: Object: 'Object Repository/ReportsPage/generateReport' is clicked on

2018-07-11 18:27:16 - [MESSAGE][PASSED] - Object: 'Object Repository/ReportsPage/generateReport' is clicked on

2018-07-11 18:27:16 - [TEST_STEP][PASSED] - delay: Delayed 15 second(s)

2018-07-11 18:27:31 - [MESSAGE][PASSED] - Delayed 15 second(s)

2018-07-11 18:27:31 - [TEST_STEP][PASSED] - Statement - printTime = CustomKeywords.uiaction.CommonUIActions.getText(com.kms.katalon.core.testobject.ObjectRepository.findTestObject(SummarizedReportPage/printTime)): uiaction.CommonUIActions.getText is PASSED

2018-07-11 18:27:31 - [MESSAGE][PASSED] - uiaction.CommonUIActions.getText is PASSED

2018-07-11 18:27:31 - [TEST_STEP][PASSED] - Statement - cal = java.util.Calendar.getInstance(): null

2018-07-11 18:27:31 - [TEST_STEP][PASSED] - Statement - sdf = new java.text.SimpleDateFormat(hh): null

2018-07-11 18:27:31 - [TEST_STEP][PASSED] - Statement - currentSystemTime = sdf.format(cal.getTime()): null

2018-07-11 18:27:31 - [TEST_STEP][PASSED] - Statement - out.println(currentSystemTime): null

2018-07-11 18:27:31 - [TEST_STEP][PASSED] - Statement - If (printTime.contains(currentSystemTime)): null

2018-07-11 18:27:31 - [TEST_STEP][PASSED] - Statement - out.println("Print Time is displayed the current local time "): null

2018-07-11 18:27:31 - [TEST_STEP][PASSED] - delay: Delayed 5 second(s)

2018-07-11 18:27:36 - [MESSAGE][PASSED] - Delayed 5 second(s)

2018-07-11 18:27:36 - [TEST_STEP][PASSED] - uiaction.CommonUIActions.click: uiaction.CommonUIActions.click is PASSED

2018-07-11 18:27:40 - [MESSAGE][PASSED] - uiaction.CommonUIActions.click is PASSED

2018-07-11 18:27:40 - [TEST_STEP][PASSED] - Statement - assert TCflag == true: null

2018-07-11 18:27:40 - [TEST_STEP][PASSED] - Start listener action : sampleAfterTestCase: Browser is closed

2018-07-11 18:27:40 - [TEST_STEP][PASSED] - Statement - println(testCaseContext.getTestCaseId()): null

2018-07-11 18:27:40 - [TEST_STEP][PASSED] - Statement - println(testCaseContext.getTestCaseStatus()): null

2018-07-11 18:27:40 - [TEST_STEP][PASSED] - closeBrowser: Browser is closed

2018-07-11 18:27:41 - [MESSAGE][PASSED] - Browser is closed]]></system-out>
         <system-err><![CDATA[]]></system-err>
      </testcase>
      <testcase name="Test Cases/TimeZoneTC/HME-Browser-Timezone-01" classname="Test Cases/TimeZoneTC/HME-Browser-Timezone-01" status="FAILED">
         <failure type="FAILED" message="org.codehaus.groovy.runtime.powerassert.PowerAssertionError: assert TCflag==true
       |     |
       false false"/>
         <system-out><![CDATA[2018-07-11 18:27:41 - [TEST_CASE][FAILED] - Test Cases/TimeZoneTC/HME-Browser-Timezone-01: Test Cases/TimeZoneTC/HME-Browser-Timezone-01 FAILED because (of) org.codehaus.groovy.runtime.powerassert.PowerAssertionError: assert TCflag==true
       |     |
       false false

2018-07-11 18:27:41 - [TEST_STEP][PASSED] - Start listener action : sampleBeforeTestCase: uiaction.CommonUIActions.deleteAllCookies is PASSED

2018-07-11 18:27:41 - [TEST_STEP][PASSED] - openBrowser: Browser is opened with url: ''

2018-07-11 18:27:43 - [MESSAGE][PASSED] - Browser is opened with url: ''

2018-07-11 18:27:43 - [TEST_STEP][PASSED] - maximizeWindow: Current window maximized

2018-07-11 18:27:44 - [MESSAGE][PASSED] - Current window maximized

2018-07-11 18:27:44 - [TEST_STEP][PASSED] - uiaction.CommonUIActions.deleteAllCookies: uiaction.CommonUIActions.deleteAllCookies is PASSED

2018-07-11 18:27:44 - [MESSAGE][PASSED] - Delete all cookies successfully

2018-07-11 18:27:44 - [MESSAGE][PASSED] - uiaction.CommonUIActions.deleteAllCookies is PASSED

2018-07-11 18:27:44 - [TEST_STEP][PASSED] - Statement - TCflag = true: null

2018-07-11 18:27:44 - [TEST_STEP][PASSED] - Statement - Try: null

2018-07-11 18:27:44 - [TEST_STEP][PASSED] - navigateToUrl: Navigate to 'https://engdev.hmedtcloud.com/?pg=Login' successfully

2018-07-11 18:27:53 - [MESSAGE][PASSED] - Navigate to 'https://engdev.hmedtcloud.com/?pg=Login' successfully

2018-07-11 18:27:53 - [TEST_STEP][PASSED] - projectSpecific.Reusability.login: projectSpecific.Reusability.login is PASSED

2018-07-11 18:27:53 - [MESSAGE][PASSED] - projectSpecific.Reusability.getTestData is PASSED

2018-07-11 18:27:53 - [MESSAGE][PASSED] - projectSpecific.Reusability.getTestData is PASSED

2018-07-11 18:27:53 - [MESSAGE][PASSED] - Text 'selvendrank@nousinfo.com' is set on object 'Object Repository/LoginPage/Username'

2018-07-11 18:27:53 - [MESSAGE][PASSED] - Text 'Nous;123' is set on object 'Object Repository/LoginPage/Password'

2018-07-11 18:28:06 - [MESSAGE][PASSED] - Object: 'Object Repository/LoginPage/Login' is clicked on

2018-07-11 18:28:06 - [MESSAGE][PASSED] - projectSpecific.Reusability.login is PASSED

2018-07-11 18:28:06 - [TEST_STEP][PASSED] - delay: Delayed 10 second(s)

2018-07-11 18:28:16 - [MESSAGE][PASSED] - Delayed 10 second(s)

2018-07-11 18:28:16 - [TEST_STEP][PASSED] - Statement - welcomeMsg = CustomKeywords.uiaction.CommonUIActions.getText(com.kms.katalon.core.testobject.ObjectRepository.findTestObject(HomePage/welcomeMessage)): uiaction.CommonUIActions.getText is PASSED

2018-07-11 18:28:16 - [MESSAGE][PASSED] - uiaction.CommonUIActions.getText is PASSED

2018-07-11 18:28:16 - [TEST_STEP][PASSED] - Statement - expactedWelcomeMsg = CustomKeywords.projectSpecific.Reusability.getTestData("HomePage", "welcomeMsg"): projectSpecific.Reusability.getTestData is PASSED

2018-07-11 18:28:16 - [MESSAGE][PASSED] - projectSpecific.Reusability.getTestData is PASSED

2018-07-11 18:28:16 - [TEST_STEP][PASSED] - Statement - If (welcomeMsg.contains(expactedWelcomeMsg)): null

2018-07-11 18:28:16 - [TEST_STEP][PASSED] - Statement - out.println("Welcome message is verified"): null

2018-07-11 18:28:16 - [TEST_STEP][PASSED] - Statement - driver = com.kms.katalon.core.webui.driver.DriverFactory.getWebDriver(): null

2018-07-11 18:28:16 - [TEST_STEP][PASSED] - uiaction.CommonUIActions.click: uiaction.CommonUIActions.click is PASSED

2018-07-11 18:28:28 - [MESSAGE][PASSED] - uiaction.CommonUIActions.click is PASSED

2018-07-11 18:28:28 - [TEST_STEP][PASSED] - Statement - driver.findElement(org.openqa.selenium.By.xpath("(//div[@class='ctable']/table//tr/td[3][contains(text(),'vijay2')]/../td//span)[1]")).click(): null

2018-07-11 18:28:30 - [TEST_STEP][PASSED] - uiaction.CommonUIActions.click: uiaction.CommonUIActions.click is PASSED

2018-07-11 18:28:30 - [MESSAGE][PASSED] - uiaction.CommonUIActions.click is PASSED

2018-07-11 18:28:30 - [TEST_STEP][PASSED] - uiaction.CommonUIActions.click: uiaction.CommonUIActions.click is PASSED

2018-07-11 18:28:35 - [MESSAGE][PASSED] - uiaction.CommonUIActions.click is PASSED

2018-07-11 18:28:35 - [TEST_STEP][PASSED] - Statement - storenumber = CustomKeywords.uiaction.CommonUIActions.getText(com.kms.katalon.core.testobject.ObjectRepository.findTestObject(StorePage/storeID)): uiaction.CommonUIActions.getText is PASSED

2018-07-11 18:28:35 - [MESSAGE][PASSED] - uiaction.CommonUIActions.getText is PASSED

2018-07-11 18:28:35 - [TEST_STEP][PASSED] - Statement - out.println(" the store number is--" + storenumber.trim()): null

2018-07-11 18:28:35 - [TEST_STEP][PASSED] - uiaction.CommonUIActions.click: uiaction.CommonUIActions.click is PASSED

2018-07-11 18:28:39 - [MESSAGE][PASSED] - uiaction.CommonUIActions.click is PASSED

2018-07-11 18:28:39 - [TEST_STEP][PASSED] - delay: Delayed 10 second(s)

2018-07-11 18:28:49 - [MESSAGE][PASSED] - Delayed 10 second(s)

2018-07-11 18:28:49 - [TEST_STEP][PASSED] - Statement - driver.findElement(org.openqa.selenium.By.xpath("//span[contains(text(),'" + storenumber.trim() + "')]")).click(): null

2018-07-11 18:28:49 - [TEST_STEP][PASSED] - Statement - Catch (Exception e): null

2018-07-11 18:28:49 - [TEST_STEP][PASSED] - Statement - e.printStackTrace(): null

2018-07-11 18:28:49 - [TEST_STEP][PASSED] - Statement - println("Exception of element not found"): null

2018-07-11 18:28:49 - [TEST_STEP][PASSED] - Statement - If (TCflag): null

2018-07-11 18:28:49 - [TEST_STEP][PASSED] - Statement - assert TCflag == true: null

2018-07-11 18:28:49 - [TEST_STEP][PASSED] - Start listener action : sampleAfterTestCase: Browser is closed

2018-07-11 18:28:49 - [TEST_STEP][PASSED] - Statement - println(testCaseContext.getTestCaseId()): null

2018-07-11 18:28:49 - [TEST_STEP][PASSED] - Statement - println(testCaseContext.getTestCaseStatus()): null

2018-07-11 18:28:49 - [TEST_STEP][PASSED] - closeBrowser: Browser is closed

2018-07-11 18:28:50 - [MESSAGE][PASSED] - Browser is closed]]></system-out>
         <system-err><![CDATA[2018-07-11 18:27:41 - [TEST_CASE][FAILED] - Test Cases/TimeZoneTC/HME-Browser-Timezone-01: Test Cases/TimeZoneTC/HME-Browser-Timezone-01 FAILED because (of) org.codehaus.groovy.runtime.powerassert.PowerAssertionError: assert TCflag==true
       |     |
       false false]]></system-err>
      </testcase>
      <testcase name="Test Cases/TimeZoneTC/HME-Browser-Timezone-02" classname="Test Cases/TimeZoneTC/HME-Browser-Timezone-02" status="FAILED">
         <failure type="FAILED" message="org.codehaus.groovy.runtime.powerassert.PowerAssertionError: assert TCflag==true
       |     |
       false false"/>
         <system-out><![CDATA[2018-07-11 18:28:50 - [TEST_CASE][FAILED] - Test Cases/TimeZoneTC/HME-Browser-Timezone-02: Test Cases/TimeZoneTC/HME-Browser-Timezone-02 FAILED because (of) org.codehaus.groovy.runtime.powerassert.PowerAssertionError: assert TCflag==true
       |     |
       false false

2018-07-11 18:28:50 - [TEST_STEP][PASSED] - Start listener action : sampleBeforeTestCase: uiaction.CommonUIActions.deleteAllCookies is PASSED

2018-07-11 18:28:50 - [TEST_STEP][PASSED] - openBrowser: Browser is opened with url: ''

2018-07-11 18:28:52 - [MESSAGE][PASSED] - Browser is opened with url: ''

2018-07-11 18:28:52 - [TEST_STEP][PASSED] - maximizeWindow: Current window maximized

2018-07-11 18:28:53 - [MESSAGE][PASSED] - Current window maximized

2018-07-11 18:28:53 - [TEST_STEP][PASSED] - uiaction.CommonUIActions.deleteAllCookies: uiaction.CommonUIActions.deleteAllCookies is PASSED

2018-07-11 18:28:53 - [MESSAGE][PASSED] - Delete all cookies successfully

2018-07-11 18:28:53 - [MESSAGE][PASSED] - uiaction.CommonUIActions.deleteAllCookies is PASSED

2018-07-11 18:28:53 - [TEST_STEP][PASSED] - Statement - TCflag = true: null

2018-07-11 18:28:53 - [TEST_STEP][PASSED] - Statement - Try: null

2018-07-11 18:28:53 - [TEST_STEP][PASSED] - navigateToUrl: Navigate to 'https://engdev.hmedtcloud.com/?pg=Login' successfully

2018-07-11 18:29:01 - [MESSAGE][PASSED] - Navigate to 'https://engdev.hmedtcloud.com/?pg=Login' successfully

2018-07-11 18:29:01 - [TEST_STEP][PASSED] - projectSpecific.Reusability.login: projectSpecific.Reusability.login is PASSED

2018-07-11 18:29:01 - [MESSAGE][PASSED] - projectSpecific.Reusability.getTestData is PASSED

2018-07-11 18:29:01 - [MESSAGE][PASSED] - projectSpecific.Reusability.getTestData is PASSED

2018-07-11 18:29:01 - [MESSAGE][PASSED] - Text 'selvendrank@nousinfo.com' is set on object 'Object Repository/LoginPage/Username'

2018-07-11 18:29:01 - [MESSAGE][PASSED] - Text 'Nous;123' is set on object 'Object Repository/LoginPage/Password'

2018-07-11 18:29:15 - [MESSAGE][PASSED] - Object: 'Object Repository/LoginPage/Login' is clicked on

2018-07-11 18:29:15 - [MESSAGE][PASSED] - projectSpecific.Reusability.login is PASSED

2018-07-11 18:29:15 - [TEST_STEP][PASSED] - delay: Delayed 10 second(s)

2018-07-11 18:29:25 - [MESSAGE][PASSED] - Delayed 10 second(s)

2018-07-11 18:29:25 - [TEST_STEP][PASSED] - Statement - welcomeMsg = CustomKeywords.uiaction.CommonUIActions.getText(com.kms.katalon.core.testobject.ObjectRepository.findTestObject(HomePage/welcomeMessage)): uiaction.CommonUIActions.getText is PASSED

2018-07-11 18:29:25 - [MESSAGE][PASSED] - uiaction.CommonUIActions.getText is PASSED

2018-07-11 18:29:25 - [TEST_STEP][PASSED] - Statement - expactedWelcomeMsg = CustomKeywords.projectSpecific.Reusability.getTestData("HomePage", "welcomeMsg"): projectSpecific.Reusability.getTestData is PASSED

2018-07-11 18:29:25 - [MESSAGE][PASSED] - projectSpecific.Reusability.getTestData is PASSED

2018-07-11 18:29:25 - [TEST_STEP][PASSED] - Statement - If (welcomeMsg.contains(expactedWelcomeMsg)): null

2018-07-11 18:29:25 - [TEST_STEP][PASSED] - Statement - out.println("Welcome message is verified"): null

2018-07-11 18:29:25 - [TEST_STEP][PASSED] - Statement - driver = com.kms.katalon.core.webui.driver.DriverFactory.getWebDriver(): null

2018-07-11 18:29:25 - [TEST_STEP][PASSED] - uiaction.CommonUIActions.click: uiaction.CommonUIActions.click is PASSED

2018-07-11 18:29:38 - [MESSAGE][PASSED] - uiaction.CommonUIActions.click is PASSED

2018-07-11 18:29:38 - [TEST_STEP][PASSED] - Statement - driver.findElement(org.openqa.selenium.By.xpath("(//div[@class='ctable']/table//tr/td[3][contains(text(),'vijay2')]/../td//span)[1]")).click(): null

2018-07-11 18:29:40 - [TEST_STEP][PASSED] - uiaction.CommonUIActions.click: uiaction.CommonUIActions.click is PASSED

2018-07-11 18:29:40 - [MESSAGE][PASSED] - uiaction.CommonUIActions.click is PASSED

2018-07-11 18:29:40 - [TEST_STEP][PASSED] - uiaction.CommonUIActions.click: uiaction.CommonUIActions.click is PASSED

2018-07-11 18:29:45 - [MESSAGE][PASSED] - uiaction.CommonUIActions.click is PASSED

2018-07-11 18:29:45 - [TEST_STEP][PASSED] - Statement - storeID = CustomKeywords.uiaction.CommonUIActions.getText(com.kms.katalon.core.testobject.ObjectRepository.findTestObject(StorePage/storeID)): uiaction.CommonUIActions.getText is PASSED

2018-07-11 18:29:45 - [MESSAGE][PASSED] - uiaction.CommonUIActions.getText is PASSED

2018-07-11 18:29:45 - [TEST_STEP][PASSED] - Statement - storenumber = storeID.trim(): null

2018-07-11 18:29:45 - [TEST_STEP][PASSED] - Statement - out.println(" the store number is--" + storenumber.trim()): null

2018-07-11 18:29:45 - [TEST_STEP][PASSED] - uiaction.CommonUIActions.click: uiaction.CommonUIActions.click is PASSED

2018-07-11 18:29:50 - [MESSAGE][PASSED] - uiaction.CommonUIActions.click is PASSED

2018-07-11 18:29:50 - [TEST_STEP][PASSED] - delay: Delayed 10 second(s)

2018-07-11 18:30:00 - [MESSAGE][PASSED] - Delayed 10 second(s)

2018-07-11 18:30:00 - [TEST_STEP][PASSED] - Statement - driver.findElement(org.openqa.selenium.By.xpath("//span[contains(text(),'" + storenumber.trim() + "')]")).click(): null

2018-07-11 18:30:00 - [TEST_STEP][PASSED] - Statement - Catch (Exception e): null

2018-07-11 18:30:00 - [TEST_STEP][PASSED] - Statement - e.printStackTrace(): null

2018-07-11 18:30:00 - [TEST_STEP][PASSED] - Statement - println("Exception of element not found"): null

2018-07-11 18:30:00 - [TEST_STEP][PASSED] - Statement - If (TCflag): null

2018-07-11 18:30:00 - [TEST_STEP][PASSED] - Statement - assert TCflag == true: null

2018-07-11 18:30:00 - [TEST_STEP][PASSED] - Start listener action : sampleAfterTestCase: Browser is closed

2018-07-11 18:30:00 - [TEST_STEP][PASSED] - Statement - println(testCaseContext.getTestCaseId()): null

2018-07-11 18:30:00 - [TEST_STEP][PASSED] - Statement - println(testCaseContext.getTestCaseStatus()): null

2018-07-11 18:30:00 - [TEST_STEP][PASSED] - closeBrowser: Browser is closed

2018-07-11 18:30:00 - [MESSAGE][PASSED] - Browser is closed]]></system-out>
         <system-err><![CDATA[2018-07-11 18:28:50 - [TEST_CASE][FAILED] - Test Cases/TimeZoneTC/HME-Browser-Timezone-02: Test Cases/TimeZoneTC/HME-Browser-Timezone-02 FAILED because (of) org.codehaus.groovy.runtime.powerassert.PowerAssertionError: assert TCflag==true
       |     |
       false false]]></system-err>
      </testcase>
      <testcase name="Test Cases/TimeZoneTC/HME-Browser-Timezone-03" classname="Test Cases/TimeZoneTC/HME-Browser-Timezone-03" status="PASSED">
         <system-out><![CDATA[2018-07-11 18:30:00 - [TEST_CASE][PASSED] - Test Cases/TimeZoneTC/HME-Browser-Timezone-03: Browser is closed

2018-07-11 18:30:00 - [TEST_STEP][PASSED] - Start listener action : sampleBeforeTestCase: uiaction.CommonUIActions.deleteAllCookies is PASSED

2018-07-11 18:30:00 - [TEST_STEP][PASSED] - openBrowser: Browser is opened with url: ''

2018-07-11 18:30:02 - [MESSAGE][PASSED] - Browser is opened with url: ''

2018-07-11 18:30:02 - [TEST_STEP][PASSED] - maximizeWindow: Current window maximized

2018-07-11 18:30:03 - [MESSAGE][PASSED] - Current window maximized

2018-07-11 18:30:03 - [TEST_STEP][PASSED] - uiaction.CommonUIActions.deleteAllCookies: uiaction.CommonUIActions.deleteAllCookies is PASSED

2018-07-11 18:30:03 - [MESSAGE][PASSED] - Delete all cookies successfully

2018-07-11 18:30:03 - [MESSAGE][PASSED] - uiaction.CommonUIActions.deleteAllCookies is PASSED

2018-07-11 18:30:04 - [TEST_STEP][PASSED] - Statement - TCflag = true: null

2018-07-11 18:30:04 - [TEST_STEP][PASSED] - Statement - Try: uiaction.CommonUIActions.click is PASSED

2018-07-11 18:30:04 - [TEST_STEP][PASSED] - navigateToUrl: Navigate to 'https://engdev.hmedtcloud.com/?pg=Login' successfully

2018-07-11 18:30:12 - [MESSAGE][PASSED] - Navigate to 'https://engdev.hmedtcloud.com/?pg=Login' successfully

2018-07-11 18:30:12 - [TEST_STEP][PASSED] - projectSpecific.Reusability.login: projectSpecific.Reusability.login is PASSED

2018-07-11 18:30:12 - [MESSAGE][PASSED] - projectSpecific.Reusability.getTestData is PASSED

2018-07-11 18:30:12 - [MESSAGE][PASSED] - projectSpecific.Reusability.getTestData is PASSED

2018-07-11 18:30:12 - [MESSAGE][PASSED] - Text 'selvendrank@nousinfo.com' is set on object 'Object Repository/LoginPage/Username'

2018-07-11 18:30:12 - [MESSAGE][PASSED] - Text 'Nous;123' is set on object 'Object Repository/LoginPage/Password'

2018-07-11 18:30:25 - [MESSAGE][PASSED] - Object: 'Object Repository/LoginPage/Login' is clicked on

2018-07-11 18:30:25 - [MESSAGE][PASSED] - projectSpecific.Reusability.login is PASSED

2018-07-11 18:30:25 - [TEST_STEP][PASSED] - delay: Delayed 10 second(s)

2018-07-11 18:30:35 - [MESSAGE][PASSED] - Delayed 10 second(s)

2018-07-11 18:30:35 - [TEST_STEP][PASSED] - Statement - welcomeMsg = CustomKeywords.uiaction.CommonUIActions.getText(com.kms.katalon.core.testobject.ObjectRepository.findTestObject(HomePage/welcomeMessage)): uiaction.CommonUIActions.getText is PASSED

2018-07-11 18:30:35 - [MESSAGE][PASSED] - uiaction.CommonUIActions.getText is PASSED

2018-07-11 18:30:35 - [TEST_STEP][PASSED] - Statement - expactedWelcomeMsg = CustomKeywords.projectSpecific.Reusability.getTestData("HomePage", "welcomeMsg"): projectSpecific.Reusability.getTestData is PASSED

2018-07-11 18:30:35 - [MESSAGE][PASSED] - projectSpecific.Reusability.getTestData is PASSED

2018-07-11 18:30:35 - [TEST_STEP][PASSED] - Statement - If (welcomeMsg.contains(expactedWelcomeMsg)): null

2018-07-11 18:30:35 - [TEST_STEP][PASSED] - Statement - out.println("Welcome message is verified"): null

2018-07-11 18:30:35 - [TEST_STEP][PASSED] - Statement - driver = com.kms.katalon.core.webui.driver.DriverFactory.getWebDriver(): null

2018-07-11 18:30:35 - [TEST_STEP][PASSED] - uiaction.CommonUIActions.click: uiaction.CommonUIActions.click is PASSED

2018-07-11 18:30:47 - [MESSAGE][PASSED] - uiaction.CommonUIActions.click is PASSED

2018-07-11 18:30:47 - [TEST_STEP][PASSED] - Statement - driver.findElement(org.openqa.selenium.By.xpath("(//div[@class='ctable']/table//tr/td[3][contains(text(),'vijay2')]/../td//span)[1]")).click(): null

2018-07-11 18:30:49 - [TEST_STEP][PASSED] - uiaction.CommonUIActions.click: uiaction.CommonUIActions.click is PASSED

2018-07-11 18:30:49 - [MESSAGE][PASSED] - uiaction.CommonUIActions.click is PASSED

2018-07-11 18:30:49 - [TEST_STEP][PASSED] - uiaction.CommonUIActions.click: uiaction.CommonUIActions.click is PASSED

2018-07-11 18:30:55 - [MESSAGE][PASSED] - uiaction.CommonUIActions.click is PASSED

2018-07-11 18:30:55 - [TEST_STEP][PASSED] - Statement - storeID = CustomKeywords.uiaction.CommonUIActions.getText(com.kms.katalon.core.testobject.ObjectRepository.findTestObject(StorePage/storeID)): uiaction.CommonUIActions.getText is PASSED

2018-07-11 18:30:55 - [MESSAGE][PASSED] - uiaction.CommonUIActions.getText is PASSED

2018-07-11 18:30:55 - [TEST_STEP][PASSED] - Statement - storenumber = storeID.trim(): null

2018-07-11 18:30:55 - [TEST_STEP][PASSED] - Statement - out.println(" the store number is--" + storenumber.trim()): null

2018-07-11 18:30:55 - [TEST_STEP][PASSED] - uiaction.CommonUIActions.click: uiaction.CommonUIActions.click is PASSED

2018-07-11 18:30:59 - [MESSAGE][PASSED] - uiaction.CommonUIActions.click is PASSED

2018-07-11 18:30:59 - [TEST_STEP][PASSED] - delay: Delayed 15 second(s)

2018-07-11 18:31:14 - [MESSAGE][PASSED] - Delayed 15 second(s)

2018-07-11 18:31:14 - [TEST_STEP][PASSED] - Statement - driver.findElement(org.openqa.selenium.By.xpath("//span[contains(text(),'" + storenumber.trim() + "')]")).click(): null

2018-07-11 18:31:14 - [TEST_STEP][PASSED] - click: Object: 'Object Repository/ReportsPage/timeSelection' is clicked on

2018-07-11 18:31:14 - [MESSAGE][PASSED] - Object: 'Object Repository/ReportsPage/timeSelection' is clicked on

2018-07-11 18:31:14 - [TEST_STEP][PASSED] - click: Object: 'Object Repository/ReportsPage/weekTimeOption' is clicked on

2018-07-11 18:31:14 - [MESSAGE][PASSED] - Object: 'Object Repository/ReportsPage/weekTimeOption' is clicked on

2018-07-11 18:31:14 - [TEST_STEP][PASSED] - click: Object: 'Object Repository/ReportsPage/summaryReportHeading' is clicked on

2018-07-11 18:31:14 - [MESSAGE][PASSED] - Object: 'Object Repository/ReportsPage/summaryReportHeading' is clicked on

2018-07-11 18:31:14 - [TEST_STEP][PASSED] - verifyElementText: Actual text and expected text of test object 'Object Repository/ReportsPage/weekTimeOption' are matched.

2018-07-11 18:31:14 - [MESSAGE][PASSED] - projectSpecific.Reusability.getTestData is PASSED

2018-07-11 18:31:14 - [MESSAGE][PASSED] - Actual text and expected text of test object 'Object Repository/ReportsPage/weekTimeOption' are matched.

2018-07-11 18:31:14 - [TEST_STEP][PASSED] - verifyElementText: Actual text and expected text of test object 'Object Repository/ReportsPage/criteriaTimeMeasure' are matched.

2018-07-11 18:31:14 - [MESSAGE][PASSED] - projectSpecific.Reusability.getTestData is PASSED

2018-07-11 18:31:14 - [MESSAGE][PASSED] - Actual text and expected text of test object 'Object Repository/ReportsPage/criteriaTimeMeasure' are matched.

2018-07-11 18:31:14 - [TEST_STEP][PASSED] - delay: Delayed 5 second(s)

2018-07-11 18:31:19 - [MESSAGE][PASSED] - Delayed 5 second(s)

2018-07-11 18:31:19 - [TEST_STEP][PASSED] - click: Object: 'Object Repository/ReportsPage/fromDateSelector' is clicked on

2018-07-11 18:31:19 - [MESSAGE][PASSED] - Object: 'Object Repository/ReportsPage/fromDateSelector' is clicked on

2018-07-11 18:31:19 - [TEST_STEP][PASSED] - delay: Delayed 5 second(s)

2018-07-11 18:31:24 - [MESSAGE][PASSED] - Delayed 5 second(s)

2018-07-11 18:31:24 - [TEST_STEP][PASSED] - Statement - monthText = com.kms.katalon.core.webui.keyword.WebUiBuiltInKeywords.getText(com.kms.katalon.core.testobject.ObjectRepository.findTestObject(ReportsPage/monthText)): Text of object 'Object Repository/ReportsPage/monthText' is: 'July 2018'

2018-07-11 18:31:24 - [MESSAGE][PASSED] - Text of object 'Object Repository/ReportsPage/monthText' is: 'July 2018'

2018-07-11 18:31:24 - [TEST_STEP][PASSED] - Statement - monthTextArray = monthText.split(" "): null

2018-07-11 18:31:24 - [TEST_STEP][PASSED] - Statement - month = monthTextArray[0]: null

2018-07-11 18:31:24 - [TEST_STEP][PASSED] - Statement - monthTextValue = CustomKeywords.projectSpecific.Reusability.getTestData("ReportsPage", "Month"): projectSpecific.Reusability.getTestData is PASSED

2018-07-11 18:31:24 - [MESSAGE][PASSED] - projectSpecific.Reusability.getTestData is PASSED

2018-07-11 18:31:24 - [TEST_STEP][PASSED] - Statement - If (!(monthTextValue.equals(month))): null

2018-07-11 18:31:24 - [TEST_STEP][PASSED] - Statement - While (!(monthTextValue.equals(month))): null

2018-07-11 18:31:24 - [TEST_STEP][PASSED] - click: Object: 'Object Repository/ReportsPage/previousDateSelector' is clicked on

2018-07-11 18:31:24 - [MESSAGE][PASSED] - Object: 'Object Repository/ReportsPage/previousDateSelector' is clicked on

2018-07-11 18:31:24 - [TEST_STEP][PASSED] - Statement - monthText = com.kms.katalon.core.webui.keyword.WebUiBuiltInKeywords.getText(com.kms.katalon.core.testobject.ObjectRepository.findTestObject(ReportsPage/monthText)): Text of object 'Object Repository/ReportsPage/monthText' is: 'June 2018'

2018-07-11 18:31:24 - [MESSAGE][PASSED] - Text of object 'Object Repository/ReportsPage/monthText' is: 'June 2018'

2018-07-11 18:31:24 - [TEST_STEP][PASSED] - Statement - monthTextArray = monthText.split(" "): null

2018-07-11 18:31:24 - [TEST_STEP][PASSED] - Statement - month = monthTextArray[0]: null

2018-07-11 18:31:24 - [TEST_STEP][PASSED] - click: Object: 'Object Repository/ReportsPage/previousDateSelector' is clicked on

2018-07-11 18:31:25 - [MESSAGE][PASSED] - Object: 'Object Repository/ReportsPage/previousDateSelector' is clicked on

2018-07-11 18:31:25 - [TEST_STEP][PASSED] - Statement - monthText = com.kms.katalon.core.webui.keyword.WebUiBuiltInKeywords.getText(com.kms.katalon.core.testobject.ObjectRepository.findTestObject(ReportsPage/monthText)): Text of object 'Object Repository/ReportsPage/monthText' is: 'May 2018'

2018-07-11 18:31:25 - [MESSAGE][PASSED] - Text of object 'Object Repository/ReportsPage/monthText' is: 'May 2018'

2018-07-11 18:31:25 - [TEST_STEP][PASSED] - Statement - monthTextArray = monthText.split(" "): null

2018-07-11 18:31:25 - [TEST_STEP][PASSED] - Statement - month = monthTextArray[0]: null

2018-07-11 18:31:25 - [TEST_STEP][PASSED] - click: Object: 'Object Repository/ReportsPage/previousDateSelector' is clicked on

2018-07-11 18:31:25 - [MESSAGE][PASSED] - Object: 'Object Repository/ReportsPage/previousDateSelector' is clicked on

2018-07-11 18:31:25 - [TEST_STEP][PASSED] - Statement - monthText = com.kms.katalon.core.webui.keyword.WebUiBuiltInKeywords.getText(com.kms.katalon.core.testobject.ObjectRepository.findTestObject(ReportsPage/monthText)): Text of object 'Object Repository/ReportsPage/monthText' is: 'April 2018'

2018-07-11 18:31:25 - [MESSAGE][PASSED] - Text of object 'Object Repository/ReportsPage/monthText' is: 'April 2018'

2018-07-11 18:31:25 - [TEST_STEP][PASSED] - Statement - monthTextArray = monthText.split(" "): null

2018-07-11 18:31:25 - [TEST_STEP][PASSED] - Statement - month = monthTextArray[0]: null

2018-07-11 18:31:25 - [TEST_STEP][PASSED] - click: Object: 'Object Repository/ReportsPage/previousDateSelector' is clicked on

2018-07-11 18:31:25 - [MESSAGE][PASSED] - Object: 'Object Repository/ReportsPage/previousDateSelector' is clicked on

2018-07-11 18:31:25 - [TEST_STEP][PASSED] - Statement - monthText = com.kms.katalon.core.webui.keyword.WebUiBuiltInKeywords.getText(com.kms.katalon.core.testobject.ObjectRepository.findTestObject(ReportsPage/monthText)): Text of object 'Object Repository/ReportsPage/monthText' is: 'March 2018'

2018-07-11 18:31:25 - [MESSAGE][PASSED] - Text of object 'Object Repository/ReportsPage/monthText' is: 'March 2018'

2018-07-11 18:31:25 - [TEST_STEP][PASSED] - Statement - monthTextArray = monthText.split(" "): null

2018-07-11 18:31:25 - [TEST_STEP][PASSED] - Statement - month = monthTextArray[0]: null

2018-07-11 18:31:25 - [TEST_STEP][PASSED] - Statement - data = CustomKeywords.projectSpecific.Reusability.getTestData("ReportsPage", "StartDate_March2"): projectSpecific.Reusability.getTestData is PASSED

2018-07-11 18:31:25 - [MESSAGE][PASSED] - projectSpecific.Reusability.getTestData is PASSED

2018-07-11 18:31:25 - [TEST_STEP][PASSED] - Statement - startDate = "(//td[text()='" + data + "'])[1]": null

2018-07-11 18:31:25 - [TEST_STEP][PASSED] - Statement - println(startDate): null

2018-07-11 18:31:25 - [TEST_STEP][PASSED] - Statement - startdateEle = driver.findElement(org.openqa.selenium.By.xpath(startDate)): null

2018-07-11 18:31:25 - [TEST_STEP][PASSED] - Statement - startdateEle.click(): null

2018-07-11 18:31:25 - [TEST_STEP][PASSED] - delay: Delayed 5 second(s)

2018-07-11 18:31:30 - [MESSAGE][PASSED] - Delayed 5 second(s)

2018-07-11 18:31:30 - [TEST_STEP][PASSED] - click: Object: 'Object Repository/ReportsPage/toDateSelector' is clicked on

2018-07-11 18:31:31 - [MESSAGE][PASSED] - Object: 'Object Repository/ReportsPage/toDateSelector' is clicked on

2018-07-11 18:31:31 - [TEST_STEP][PASSED] - Statement - monthText = com.kms.katalon.core.webui.keyword.WebUiBuiltInKeywords.getText(com.kms.katalon.core.testobject.ObjectRepository.findTestObject(ReportsPage/monthText2)): Text of object 'Object Repository/ReportsPage/monthText2' is: 'July 2018'

2018-07-11 18:31:31 - [MESSAGE][PASSED] - Text of object 'Object Repository/ReportsPage/monthText2' is: 'July 2018'

2018-07-11 18:31:31 - [TEST_STEP][PASSED] - Statement - monthTextArray = monthText.split(" "): null

2018-07-11 18:31:31 - [TEST_STEP][PASSED] - Statement - month = monthTextArray[0]: null

2018-07-11 18:31:31 - [TEST_STEP][PASSED] - Statement - monthTextValue1 = CustomKeywords.projectSpecific.Reusability.getTestData("ReportsPage", "Month"): projectSpecific.Reusability.getTestData is PASSED

2018-07-11 18:31:31 - [MESSAGE][PASSED] - projectSpecific.Reusability.getTestData is PASSED

2018-07-11 18:31:31 - [TEST_STEP][PASSED] - Statement - If (!(monthTextValue1.equals(month))): null

2018-07-11 18:31:31 - [TEST_STEP][PASSED] - Statement - While (!(monthTextValue1.equals(month))): null

2018-07-11 18:31:31 - [TEST_STEP][PASSED] - click: Object: 'Object Repository/ReportsPage/previousDateSelector2' is clicked on

2018-07-11 18:31:31 - [MESSAGE][PASSED] - Object: 'Object Repository/ReportsPage/previousDateSelector2' is clicked on

2018-07-11 18:31:31 - [TEST_STEP][PASSED] - Statement - monthText = com.kms.katalon.core.webui.keyword.WebUiBuiltInKeywords.getText(com.kms.katalon.core.testobject.ObjectRepository.findTestObject(ReportsPage/monthText2)): Text of object 'Object Repository/ReportsPage/monthText2' is: 'June 2018'

2018-07-11 18:31:31 - [MESSAGE][PASSED] - Text of object 'Object Repository/ReportsPage/monthText2' is: 'June 2018'

2018-07-11 18:31:31 - [TEST_STEP][PASSED] - Statement - monthTextArray = monthText.split(" "): null

2018-07-11 18:31:31 - [TEST_STEP][PASSED] - Statement - month = monthTextArray[0]: null

2018-07-11 18:31:31 - [TEST_STEP][PASSED] - click: Object: 'Object Repository/ReportsPage/previousDateSelector2' is clicked on

2018-07-11 18:31:31 - [MESSAGE][PASSED] - Object: 'Object Repository/ReportsPage/previousDateSelector2' is clicked on

2018-07-11 18:31:31 - [TEST_STEP][PASSED] - Statement - monthText = com.kms.katalon.core.webui.keyword.WebUiBuiltInKeywords.getText(com.kms.katalon.core.testobject.ObjectRepository.findTestObject(ReportsPage/monthText2)): Text of object 'Object Repository/ReportsPage/monthText2' is: 'May 2018'

2018-07-11 18:31:31 - [MESSAGE][PASSED] - Text of object 'Object Repository/ReportsPage/monthText2' is: 'May 2018'

2018-07-11 18:31:31 - [TEST_STEP][PASSED] - Statement - monthTextArray = monthText.split(" "): null

2018-07-11 18:31:31 - [TEST_STEP][PASSED] - Statement - month = monthTextArray[0]: null

2018-07-11 18:31:31 - [TEST_STEP][PASSED] - click: Object: 'Object Repository/ReportsPage/previousDateSelector2' is clicked on

2018-07-11 18:31:31 - [MESSAGE][PASSED] - Object: 'Object Repository/ReportsPage/previousDateSelector2' is clicked on

2018-07-11 18:31:31 - [TEST_STEP][PASSED] - Statement - monthText = com.kms.katalon.core.webui.keyword.WebUiBuiltInKeywords.getText(com.kms.katalon.core.testobject.ObjectRepository.findTestObject(ReportsPage/monthText2)): Text of object 'Object Repository/ReportsPage/monthText2' is: 'April 2018'

2018-07-11 18:31:31 - [MESSAGE][PASSED] - Text of object 'Object Repository/ReportsPage/monthText2' is: 'April 2018'

2018-07-11 18:31:31 - [TEST_STEP][PASSED] - Statement - monthTextArray = monthText.split(" "): null

2018-07-11 18:31:31 - [TEST_STEP][PASSED] - Statement - month = monthTextArray[0]: null

2018-07-11 18:31:31 - [TEST_STEP][PASSED] - click: Object: 'Object Repository/ReportsPage/previousDateSelector2' is clicked on

2018-07-11 18:31:32 - [MESSAGE][PASSED] - Object: 'Object Repository/ReportsPage/previousDateSelector2' is clicked on

2018-07-11 18:31:32 - [TEST_STEP][PASSED] - Statement - monthText = com.kms.katalon.core.webui.keyword.WebUiBuiltInKeywords.getText(com.kms.katalon.core.testobject.ObjectRepository.findTestObject(ReportsPage/monthText2)): Text of object 'Object Repository/ReportsPage/monthText2' is: 'March 2018'

2018-07-11 18:31:32 - [MESSAGE][PASSED] - Text of object 'Object Repository/ReportsPage/monthText2' is: 'March 2018'

2018-07-11 18:31:32 - [TEST_STEP][PASSED] - Statement - monthTextArray = monthText.split(" "): null

2018-07-11 18:31:32 - [TEST_STEP][PASSED] - Statement - month = monthTextArray[0]: null

2018-07-11 18:31:32 - [TEST_STEP][PASSED] - Statement - endDate = CustomKeywords.projectSpecific.Reusability.getTestData("ReportsPage", "EndDate_March2"): projectSpecific.Reusability.getTestData is PASSED

2018-07-11 18:31:32 - [MESSAGE][PASSED] - projectSpecific.Reusability.getTestData is PASSED

2018-07-11 18:31:32 - [TEST_STEP][PASSED] - Statement - toDate = "(//td[text()='" + endDate + "'])[2]": null

2018-07-11 18:31:32 - [TEST_STEP][PASSED] - Statement - println(toDate): null

2018-07-11 18:31:32 - [TEST_STEP][PASSED] - Statement - toDateEle = driver.findElement(org.openqa.selenium.By.xpath(toDate)): null

2018-07-11 18:31:32 - [TEST_STEP][PASSED] - Statement - toDateEle.click(): null

2018-07-11 18:31:32 - [TEST_STEP][PASSED] - delay: Delayed 5 second(s)

2018-07-11 18:31:37 - [MESSAGE][PASSED] - Delayed 5 second(s)

2018-07-11 18:31:37 - [TEST_STEP][PASSED] - Statement - dateAttr = com.kms.katalon.core.webui.keyword.WebUiBuiltInKeywords.getAttribute(com.kms.katalon.core.testobject.ObjectRepository.findTestObject(ReportsPage/selectedDate1), "value"): Attribute 'value' of object 'Object Repository/ReportsPage/selectedDate1' is: '03/13/2018'

2018-07-11 18:31:37 - [MESSAGE][PASSED] - Attribute 'value' of object 'Object Repository/ReportsPage/selectedDate1' is: '03/13/2018'

2018-07-11 18:31:37 - [TEST_STEP][PASSED] - Statement - fromDateValue = CustomKeywords.projectSpecific.Reusability.getTestData("ReportsPage", "fromDate_March2"): projectSpecific.Reusability.getTestData is PASSED

2018-07-11 18:31:37 - [MESSAGE][PASSED] - projectSpecific.Reusability.getTestData is PASSED

2018-07-11 18:31:37 - [TEST_STEP][PASSED] - Statement - If (!(dateAttr.equals(fromDateValue))): null

2018-07-11 18:31:37 - [TEST_STEP][PASSED] - Statement - dateAttr = com.kms.katalon.core.webui.keyword.WebUiBuiltInKeywords.getAttribute(com.kms.katalon.core.testobject.ObjectRepository.findTestObject(ReportsPage/selectedDate2), "value"): Attribute 'value' of object 'Object Repository/ReportsPage/selectedDate2' is: '03/16/2018'

2018-07-11 18:31:37 - [MESSAGE][PASSED] - Attribute 'value' of object 'Object Repository/ReportsPage/selectedDate2' is: '03/16/2018'

2018-07-11 18:31:37 - [TEST_STEP][PASSED] - Statement - toDateValue = CustomKeywords.projectSpecific.Reusability.getTestData("ReportsPage", "toDate_March2"): projectSpecific.Reusability.getTestData is PASSED

2018-07-11 18:31:37 - [MESSAGE][PASSED] - projectSpecific.Reusability.getTestData is PASSED

2018-07-11 18:31:37 - [TEST_STEP][PASSED] - Statement - If (!(dateAttr.equals(toDateValue))): null

2018-07-11 18:31:37 - [TEST_STEP][PASSED] - click: Object: 'Object Repository/ReportsPage/generateReport' is clicked on

2018-07-11 18:31:37 - [MESSAGE][PASSED] - Object: 'Object Repository/ReportsPage/generateReport' is clicked on

2018-07-11 18:31:37 - [TEST_STEP][PASSED] - delay: Delayed 15 second(s)

2018-07-11 18:31:52 - [MESSAGE][PASSED] - Delayed 15 second(s)

2018-07-11 18:31:52 - [TEST_STEP][PASSED] - Statement - printTime = CustomKeywords.uiaction.CommonUIActions.getText(com.kms.katalon.core.testobject.ObjectRepository.findTestObject(SummarizedReportPage/printTime)): uiaction.CommonUIActions.getText is PASSED

2018-07-11 18:31:52 - [MESSAGE][PASSED] - uiaction.CommonUIActions.getText is PASSED

2018-07-11 18:31:52 - [TEST_STEP][PASSED] - Statement - cal = java.util.Calendar.getInstance(): null

2018-07-11 18:31:52 - [TEST_STEP][PASSED] - Statement - sdf = new java.text.SimpleDateFormat(hh): null

2018-07-11 18:31:52 - [TEST_STEP][PASSED] - Statement - currentSystemTime = sdf.format(cal.getTime()): null

2018-07-11 18:31:52 - [TEST_STEP][PASSED] - Statement - out.println(currentSystemTime): null

2018-07-11 18:31:52 - [TEST_STEP][PASSED] - Statement - If (printTime.contains(currentSystemTime)): null

2018-07-11 18:31:52 - [TEST_STEP][PASSED] - Statement - out.println("Print Time is displayed the current local time "): null

2018-07-11 18:31:52 - [TEST_STEP][PASSED] - delay: Delayed 5 second(s)

2018-07-11 18:31:57 - [MESSAGE][PASSED] - Delayed 5 second(s)

2018-07-11 18:31:57 - [TEST_STEP][PASSED] - uiaction.CommonUIActions.click: uiaction.CommonUIActions.click is PASSED

2018-07-11 18:32:01 - [MESSAGE][PASSED] - uiaction.CommonUIActions.click is PASSED

2018-07-11 18:32:01 - [TEST_STEP][PASSED] - Statement - assert TCflag == true: null

2018-07-11 18:32:01 - [TEST_STEP][PASSED] - Start listener action : sampleAfterTestCase: Browser is closed

2018-07-11 18:32:01 - [TEST_STEP][PASSED] - Statement - println(testCaseContext.getTestCaseId()): null

2018-07-11 18:32:01 - [TEST_STEP][PASSED] - Statement - println(testCaseContext.getTestCaseStatus()): null

2018-07-11 18:32:01 - [TEST_STEP][PASSED] - closeBrowser: Browser is closed

2018-07-11 18:32:02 - [MESSAGE][PASSED] - Browser is closed]]></system-out>
         <system-err><![CDATA[]]></system-err>
      </testcase>
      <system-out><![CDATA[2018-07-11 18:22:38 - [TEST_SUITE][FAILED] - RegressionSuite: Test Cases/TimeZoneTC/HME-Account_Setting-Timezone-04 FAILED because (of) org.codehaus.groovy.runtime.powerassert.PowerAssertionError: assert TCflag==true
       |     |
       false false]]></system-out>
      <system-err><![CDATA[2018-07-11 18:22:38 - [TEST_SUITE][FAILED] - RegressionSuite: Test Cases/TimeZoneTC/HME-Account_Setting-Timezone-04 FAILED because (of) org.codehaus.groovy.runtime.powerassert.PowerAssertionError: assert TCflag==true
       |     |
       false false]]></system-err>
   </testsuite>
</testsuites>
